#-----------------------------------------------------------
# Vivado v2024.2 (64-bit)
# SW Build 5239630 on Fri Nov 08 22:35:27 MST 2024
# IP Build 5239520 on Sun Nov 10 16:12:51 MST 2024
# SharedData Build 5239561 on Fri Nov 08 14:39:27 MST 2024
# Start of session at: Thu May  7 19:22:50 2026
# Process ID         : 5268
# Current directory  : C:/USAFA/Spring 2026/ECE281/ece281-lab5
# Command line       : vivado.exe -gui_launcher_event rodinguilauncherevent37740 C:\USAFA\Spring 2026\ECE281\ece281-lab5\basic_cpu.xpr
# Log file           : C:/USAFA/Spring 2026/ECE281/ece281-lab5/vivado.log
# Journal file       : C:/USAFA/Spring 2026/ECE281/ece281-lab5\vivado.jou
# Running On         : C28-2TK41600RQ
# Platform           : Windows Server 2016 or Windows 10
# Operating System   : 22631
# Processor Detail   : AMD Ryzen 7 PRO 7840U w/ Radeon 780M Graphics  
# CPU Frequency      : 3294 MHz
# CPU Physical cores : 8
# CPU Logical cores  : 16
# Host memory        : 29827 MB
# Swap memory        : 4563 MB
# Total Virtual      : 34390 MB
# Available Virtual  : 7600 MB
#-----------------------------------------------------------
start_gui
open_project {C:/USAFA/Spring 2026/ECE281/ece281-lab5/basic_cpu.xpr}
WARNING: [filemgmt 56-3] Board Part Repository Path: Could not find the directory 'C:/USAFA/Spring 2026/AppData/Roaming/Xilinx/Vivado/2024.2/xhub/board_store/xilinx_board_store'.
INFO: [filemgmt 56-3] Default IP Output Path : Could not find the directory 'C:/USAFA/Spring 2026/ECE281/ece281-lab5/basic_cpu.gen/sources_1'.
WARNING: [filemgmt 56-3] IPUserFilesDir: Could not find the directory 'C:/USAFA/Spring 2026/ECE281/ece281-lab5/basic_cpu.ip_user_files'.
Scanning sources...
Finished scanning sources
WARNING: [Project 1-509] GeneratedRun file for 'synth_1' not found
INFO: [IP_Flow 19-234] Refreshing IP repositories
INFO: [IP_Flow 19-1704] No user IP repositories specified
INFO: [IP_Flow 19-2313] Loaded Vivado IP repository 'C:/Xilinx/Vivado/2024.2/data/ip'.
update_compile_order -fileset sources_1
close [ open {C:/USAFA/Spring 2026/ECE281/ece281-lab5/src/cpa_adder.vhd} w ]
add_files {{C:/USAFA/Spring 2026/ECE281/ece281-lab5/src/cpa_adder.vhd}}
update_compile_order -fileset sources_1
WARNING: [filemgmt 56-199] Attempt to get parsing info during refresh. "On-the-fly" syntax checking information may be incorrect. [C:\USAFA\Spring 2026\ECE281\ece281-lab5\src\ALU_tb.vhd:]
WARNING: [filemgmt 56-199] Attempt to get parsing info during refresh. "On-the-fly" syntax checking information may be incorrect. [C:\USAFA\Spring 2026\ECE281\ece281-lab5\src\controller_fsm.vhd:]
WARNING: [filemgmt 56-199] Attempt to get parsing info during refresh. "On-the-fly" syntax checking information may be incorrect. [C:\USAFA\Spring 2026\ECE281\ece281-lab5\src\cpa_adder.vhd:]
WARNING: [filemgmt 56-199] Attempt to get parsing info during refresh. "On-the-fly" syntax checking information may be incorrect. [C:\USAFA\Spring 2026\ECE281\ece281-lab5\src\ALU.vhd:]
WARNING: [filemgmt 56-199] Attempt to get parsing info during refresh. "On-the-fly" syntax checking information may be incorrect. [C:\USAFA\Spring 2026\ECE281\ece281-lab5\src\controller_fsm.vhd:]
WARNING: [filemgmt 56-199] Attempt to get parsing info during refresh. "On-the-fly" syntax checking information may be incorrect. [C:\USAFA\Spring 2026\ECE281\ece281-lab5\src\controller_fsm.vhd:]
WARNING: [filemgmt 56-199] Attempt to get parsing info during refresh. "On-the-fly" syntax checking information may be incorrect. [C:\USAFA\Spring 2026\ECE281\ece281-lab5\src\ALU_tb.vhd:]
WARNING: [filemgmt 56-199] Attempt to get parsing info during refresh. "On-the-fly" syntax checking information may be incorrect. [C:\USAFA\Spring 2026\ECE281\ece281-lab5\src\controller_fsm.vhd:]
WARNING: [filemgmt 56-199] Attempt to get parsing info during refresh. "On-the-fly" syntax checking information may be incorrect. [C:\USAFA\Spring 2026\ECE281\ece281-lab5\src\cpa_adder.vhd:]
WARNING: [filemgmt 56-199] Attempt to get parsing info during refresh. "On-the-fly" syntax checking information may be incorrect. [C:\USAFA\Spring 2026\ECE281\ece281-lab5\src\ALU.vhd:]
WARNING: [filemgmt 56-199] Attempt to get parsing info during refresh. "On-the-fly" syntax checking information may be incorrect. [C:\USAFA\Spring 2026\ECE281\ece281-lab5\src\ALU_tb.vhd:]
WARNING: [filemgmt 56-199] Attempt to get parsing info during refresh. "On-the-fly" syntax checking information may be incorrect. [C:\USAFA\Spring 2026\ECE281\ece281-lab5\src\ALU_tb.vhd:]
launch_simulation
Command: launch_simulation 
INFO: [Vivado 12-12493] Simulation top is 'ALU_tb'
WARNING: [Vivado 12-13340] Unable to auto find GCC executables from simulator install path! (path not set)
INFO: [Vivado 12-5682] Launching behavioral simulation in 'C:/USAFA/Spring 2026/ECE281/ece281-lab5/basic_cpu.sim/sim_1/behav/xsim'
INFO: [SIM-utils-51] Simulation object is 'sim_1'
INFO: [SIM-utils-72] Using boost library from 'C:/Xilinx/Vivado/2024.2/tps/boost_1_72_0'
INFO: [SIM-utils-54] Inspecting design source files for 'ALU_tb' in fileset 'sim_1'...
INFO: [USF-XSim-97] Finding global include files...
INFO: [USF-XSim-98] Fetching design files from 'sim_1'...
INFO: [USF-XSim-2] XSim::Compile design
INFO: [USF-XSim-61] Executing 'COMPILE and ANALYZE' step in 'C:/USAFA/Spring 2026/ECE281/ece281-lab5/basic_cpu.sim/sim_1/behav/xsim'
"xvhdl --incr --relax -prj ALU_tb_vhdl.prj"
INFO: [VRFC 10-163] Analyzing VHDL file "C:/USAFA/Spring 2026/ECE281/ece281-lab5/src/ALU.vhd" into library xil_defaultlib
INFO: [VRFC 10-3107] analyzing entity 'ALU'
INFO: [VRFC 10-163] Analyzing VHDL file "C:/USAFA/Spring 2026/ECE281/ece281-lab5/src/cpa_adder.vhd" into library xil_defaultlib
INFO: [VRFC 10-3107] analyzing entity 'cpa_adder'
INFO: [VRFC 10-163] Analyzing VHDL file "C:/USAFA/Spring 2026/ECE281/ece281-lab5/src/ALU_tb.vhd" into library xil_defaultlib
INFO: [VRFC 10-3107] analyzing entity 'ALU_tb'
INFO: [USF-XSim-69] 'compile' step finished in '3' seconds
INFO: [USF-XSim-3] XSim::Elaborate design
INFO: [USF-XSim-61] Executing 'ELABORATE' step in 'C:/USAFA/Spring 2026/ECE281/ece281-lab5/basic_cpu.sim/sim_1/behav/xsim'
"xelab --incr --debug typical --relax --mt 2 -L xil_defaultlib -L secureip --snapshot ALU_tb_behav xil_defaultlib.ALU_tb -log elaborate.log"
Vivado Simulator v2024.2.0
Copyright 1986-2022 Xilinx, Inc. All Rights Reserved.
Copyright 2022-2024 Advanced Micro Devices, Inc. All Rights Reserved.
Running: C:/Xilinx/Vivado/2024.2/bin/unwrapped/win64.o/xelab.exe --incr --debug typical --relax --mt 2 -L xil_defaultlib -L secureip --snapshot ALU_tb_behav xil_defaultlib.ALU_tb -log elaborate.log 
Using 2 slave threads.
Starting static elaboration
Completed static elaboration
Starting simulation data flow analysis
Completed simulation data flow analysis
Time Resolution for simulation is 1ps
Compiling package std.standard
Compiling package std.textio
Compiling package ieee.std_logic_1164
Compiling package ieee.numeric_std
Compiling architecture behavioral of entity xil_defaultlib.cpa_adder [cpa_adder_default]
Compiling architecture behavioral of entity xil_defaultlib.ALU [alu_default]
Compiling architecture testbench of entity xil_defaultlib.alu_tb
Built simulation snapshot ALU_tb_behav
run_program: Time (s): cpu = 00:00:00 ; elapsed = 00:00:06 . Memory (MB): peak = 1171.555 ; gain = 0.000
INFO: [USF-XSim-69] 'elaborate' step finished in '6' seconds
INFO: [USF-XSim-4] XSim::Simulate design
INFO: [USF-XSim-61] Executing 'SIMULATE' step in 'C:/USAFA/Spring 2026/ECE281/ece281-lab5/basic_cpu.sim/sim_1/behav/xsim'
INFO: [USF-XSim-98] *** Running xsim
   with args "ALU_tb_behav -key {Behavioral:sim_1:Functional:ALU_tb} -tclbatch {ALU_tb.tcl} -log {simulate.log}"
INFO: [USF-XSim-8] Loading simulator feature
Time resolution is 1 ps
source ALU_tb.tcl
# set curr_wave [current_wave_config]
# if { [string length $curr_wave] == 0 } {
#   if { [llength [get_objects]] > 0} {
#     add_wave /
#     set_property needs_save false [current_wave_config]
#   } else {
#      send_msg_id Add_Wave-1 WARNING "No top level signals found. Simulator will start without a wave window. If you want to open a wave window go to 'File->New Waveform Configuration' or type 'create_wave_config' in the TCL console."
#   }
# }
# run 75ns
INFO: [USF-XSim-96] XSim completed. Design snapshot 'ALU_tb_behav' loaded.
INFO: [USF-XSim-97] XSim simulation ran for 75ns
launch_simulation: Time (s): cpu = 00:00:01 ; elapsed = 00:00:17 . Memory (MB): peak = 1183.562 ; gain = 12.008
add_files -norecurse {{C:/USAFA/Spring 2026/ECE281/ece281-lab5/src/counter.vhd} {C:/USAFA/Spring 2026/ECE281/ece281-lab5/src/button_debounce.vhd}}
WARNING: [filemgmt 56-199] Attempt to get parsing info during refresh. "On-the-fly" syntax checking information may be incorrect. [C:\USAFA\Spring 2026\ECE281\ece281-lab5\src\TDM4.vhd:]
WARNING: [filemgmt 56-199] Attempt to get parsing info during refresh. "On-the-fly" syntax checking information may be incorrect. [C:\USAFA\Spring 2026\ECE281\ece281-lab5\src\twoscomp_decimal.vhd:]
WARNING: [filemgmt 56-199] Attempt to get parsing info during refresh. "On-the-fly" syntax checking information may be incorrect. [C:\USAFA\Spring 2026\ECE281\ece281-lab5\src\controller_fsm.vhd:]
WARNING: [filemgmt 56-199] Attempt to get parsing info during refresh. "On-the-fly" syntax checking information may be incorrect. [C:\USAFA\Spring 2026\ECE281\ece281-lab5\src\clock_divider.vhd:]
WARNING: [filemgmt 56-199] Attempt to get parsing info during refresh. "On-the-fly" syntax checking information may be incorrect. [C:\USAFA\Spring 2026\ECE281\ece281-lab5\src\cpa_adder.vhd:]
WARNING: [filemgmt 56-199] Attempt to get parsing info during refresh. "On-the-fly" syntax checking information may be incorrect. [C:\USAFA\Spring 2026\ECE281\ece281-lab5\src\ALU.vhd:]
WARNING: [filemgmt 56-199] Attempt to get parsing info during refresh. "On-the-fly" syntax checking information may be incorrect. [C:\USAFA\Spring 2026\ECE281\ece281-lab5\src\controller_fsm.vhd:]
WARNING: [filemgmt 56-199] Attempt to get parsing info during refresh. "On-the-fly" syntax checking information may be incorrect. [C:\USAFA\Spring 2026\ECE281\ece281-lab5\src\controller_fsm.vhd:]
WARNING: [filemgmt 56-199] Attempt to get parsing info during refresh. "On-the-fly" syntax checking information may be incorrect. [C:\USAFA\Spring 2026\ECE281\ece281-lab5\src\TDM4.vhd:]
WARNING: [filemgmt 56-199] Attempt to get parsing info during refresh. "On-the-fly" syntax checking information may be incorrect. [C:\USAFA\Spring 2026\ECE281\ece281-lab5\src\twoscomp_decimal.vhd:]
WARNING: [filemgmt 56-199] Attempt to get parsing info during refresh. "On-the-fly" syntax checking information may be incorrect. [C:\USAFA\Spring 2026\ECE281\ece281-lab5\src\controller_fsm.vhd:]
WARNING: [filemgmt 56-199] Attempt to get parsing info during refresh. "On-the-fly" syntax checking information may be incorrect. [C:\USAFA\Spring 2026\ECE281\ece281-lab5\src\clock_divider.vhd:]
WARNING: [filemgmt 56-199] Attempt to get parsing info during refresh. "On-the-fly" syntax checking information may be incorrect. [C:\USAFA\Spring 2026\ECE281\ece281-lab5\src\cpa_adder.vhd:]
WARNING: [filemgmt 56-199] Attempt to get parsing info during refresh. "On-the-fly" syntax checking information may be incorrect. [C:\USAFA\Spring 2026\ECE281\ece281-lab5\src\ALU.vhd:]
WARNING: [filemgmt 56-199] Attempt to get parsing info during refresh. "On-the-fly" syntax checking information may be incorrect. [C:\USAFA\Spring 2026\ECE281\ece281-lab5\src\TDM4.vhd:]
WARNING: [filemgmt 56-199] Attempt to get parsing info during refresh. "On-the-fly" syntax checking information may be incorrect. [C:\USAFA\Spring 2026\ECE281\ece281-lab5\src\TDM4.vhd:]
WARNING: [filemgmt 56-199] Attempt to get parsing info during refresh. "On-the-fly" syntax checking information may be incorrect. [C:\USAFA\Spring 2026\ECE281\ece281-lab5\src\TDM4.vhd:]
WARNING: [filemgmt 56-199] Attempt to get parsing info during refresh. "On-the-fly" syntax checking information may be incorrect. [C:\USAFA\Spring 2026\ECE281\ece281-lab5\src\twoscomp_decimal.vhd:]
WARNING: [filemgmt 56-199] Attempt to get parsing info during refresh. "On-the-fly" syntax checking information may be incorrect. [C:\USAFA\Spring 2026\ECE281\ece281-lab5\src\controller_fsm.vhd:]
WARNING: [filemgmt 56-199] Attempt to get parsing info during refresh. "On-the-fly" syntax checking information may be incorrect. [C:\USAFA\Spring 2026\ECE281\ece281-lab5\src\clock_divider.vhd:]
WARNING: [filemgmt 56-199] Attempt to get parsing info during refresh. "On-the-fly" syntax checking information may be incorrect. [C:\USAFA\Spring 2026\ECE281\ece281-lab5\src\cpa_adder.vhd:]
WARNING: [filemgmt 56-199] Attempt to get parsing info during refresh. "On-the-fly" syntax checking information may be incorrect. [C:\USAFA\Spring 2026\ECE281\ece281-lab5\src\ALU.vhd:]
WARNING: [filemgmt 56-199] Attempt to get parsing info during refresh. "On-the-fly" syntax checking information may be incorrect. [C:\USAFA\Spring 2026\ECE281\ece281-lab5\src\twoscomp_decimal.vhd:]
WARNING: [filemgmt 56-199] Attempt to get parsing info during refresh. "On-the-fly" syntax checking information may be incorrect. [C:\USAFA\Spring 2026\ECE281\ece281-lab5\src\twoscomp_decimal.vhd:]
WARNING: [filemgmt 56-199] Attempt to get parsing info during refresh. "On-the-fly" syntax checking information may be incorrect. [C:\USAFA\Spring 2026\ECE281\ece281-lab5\src\TDM4.vhd:]
WARNING: [filemgmt 56-199] Attempt to get parsing info during refresh. "On-the-fly" syntax checking information may be incorrect. [C:\USAFA\Spring 2026\ECE281\ece281-lab5\src\twoscomp_decimal.vhd:]
WARNING: [filemgmt 56-199] Attempt to get parsing info during refresh. "On-the-fly" syntax checking information may be incorrect. [C:\USAFA\Spring 2026\ECE281\ece281-lab5\src\controller_fsm.vhd:]
WARNING: [filemgmt 56-199] Attempt to get parsing info during refresh. "On-the-fly" syntax checking information may be incorrect. [C:\USAFA\Spring 2026\ECE281\ece281-lab5\src\clock_divider.vhd:]
WARNING: [filemgmt 56-199] Attempt to get parsing info during refresh. "On-the-fly" syntax checking information may be incorrect. [C:\USAFA\Spring 2026\ECE281\ece281-lab5\src\cpa_adder.vhd:]
WARNING: [filemgmt 56-199] Attempt to get parsing info during refresh. "On-the-fly" syntax checking information may be incorrect. [C:\USAFA\Spring 2026\ECE281\ece281-lab5\src\ALU.vhd:]
WARNING: [filemgmt 56-199] Attempt to get parsing info during refresh. "On-the-fly" syntax checking information may be incorrect. [C:\USAFA\Spring 2026\ECE281\ece281-lab5\src\clock_divider.vhd:]
WARNING: [filemgmt 56-199] Attempt to get parsing info during refresh. "On-the-fly" syntax checking information may be incorrect. [C:\USAFA\Spring 2026\ECE281\ece281-lab5\src\clock_divider.vhd:]
ERROR: [Common 17-180] Spawn failed: No error
ERROR: [Common 17-180] Spawn failed: No error
WARNING: [filemgmt 56-199] Attempt to get parsing info during refresh. "On-the-fly" syntax checking information may be incorrect. [C:\USAFA\Spring 2026\ECE281\ece281-lab5\src\TDM4.vhd:]
WARNING: [filemgmt 56-199] Attempt to get parsing info during refresh. "On-the-fly" syntax checking information may be incorrect. [C:\USAFA\Spring 2026\ECE281\ece281-lab5\src\twoscomp_decimal.vhd:]
update_compile_order -fileset sources_1
WARNING: [filemgmt 56-199] Attempt to get parsing info during refresh. "On-the-fly" syntax checking information may be incorrect. [C:\USAFA\Spring 2026\ECE281\ece281-lab5\src\TDM4.vhd:]
WARNING: [filemgmt 56-199] Attempt to get parsing info during refresh. "On-the-fly" syntax checking information may be incorrect. [C:\USAFA\Spring 2026\ECE281\ece281-lab5\src\twoscomp_decimal.vhd:]
WARNING: [filemgmt 56-199] Attempt to get parsing info during refresh. "On-the-fly" syntax checking information may be incorrect. [C:\USAFA\Spring 2026\ECE281\ece281-lab5\src\controller_fsm.vhd:]
WARNING: [filemgmt 56-199] Attempt to get parsing info during refresh. "On-the-fly" syntax checking information may be incorrect. [C:\USAFA\Spring 2026\ECE281\ece281-lab5\src\clock_divider.vhd:]
WARNING: [filemgmt 56-199] Attempt to get parsing info during refresh. "On-the-fly" syntax checking information may be incorrect. [C:\USAFA\Spring 2026\ECE281\ece281-lab5\src\cpa_adder.vhd:]
WARNING: [filemgmt 56-199] Attempt to get parsing info during refresh. "On-the-fly" syntax checking information may be incorrect. [C:\USAFA\Spring 2026\ECE281\ece281-lab5\src\ALU.vhd:]
WARNING: [filemgmt 56-199] Attempt to get parsing info during refresh. "On-the-fly" syntax checking information may be incorrect. [C:\USAFA\Spring 2026\ECE281\ece281-lab5\src\controller_fsm.vhd:]
WARNING: [filemgmt 56-199] Attempt to get parsing info during refresh. "On-the-fly" syntax checking information may be incorrect. [C:\USAFA\Spring 2026\ECE281\ece281-lab5\src\controller_fsm.vhd:]
WARNING: [filemgmt 56-199] Attempt to get parsing info during refresh. "On-the-fly" syntax checking information may be incorrect. [C:\USAFA\Spring 2026\ECE281\ece281-lab5\src\TDM4.vhd:]
WARNING: [filemgmt 56-199] Attempt to get parsing info during refresh. "On-the-fly" syntax checking information may be incorrect. [C:\USAFA\Spring 2026\ECE281\ece281-lab5\src\twoscomp_decimal.vhd:]
WARNING: [filemgmt 56-199] Attempt to get parsing info during refresh. "On-the-fly" syntax checking information may be incorrect. [C:\USAFA\Spring 2026\ECE281\ece281-lab5\src\controller_fsm.vhd:]
WARNING: [filemgmt 56-199] Attempt to get parsing info during refresh. "On-the-fly" syntax checking information may be incorrect. [C:\USAFA\Spring 2026\ECE281\ece281-lab5\src\clock_divider.vhd:]
WARNING: [filemgmt 56-199] Attempt to get parsing info during refresh. "On-the-fly" syntax checking information may be incorrect. [C:\USAFA\Spring 2026\ECE281\ece281-lab5\src\cpa_adder.vhd:]
WARNING: [filemgmt 56-199] Attempt to get parsing info during refresh. "On-the-fly" syntax checking information may be incorrect. [C:\USAFA\Spring 2026\ECE281\ece281-lab5\src\ALU.vhd:]
WARNING: [filemgmt 56-199] Attempt to get parsing info during refresh. "On-the-fly" syntax checking information may be incorrect. [C:\USAFA\Spring 2026\ECE281\ece281-lab5\src\TDM4.vhd:]
WARNING: [filemgmt 56-199] Attempt to get parsing info during refresh. "On-the-fly" syntax checking information may be incorrect. [C:\USAFA\Spring 2026\ECE281\ece281-lab5\src\TDM4.vhd:]
WARNING: [filemgmt 56-199] Attempt to get parsing info during refresh. "On-the-fly" syntax checking information may be incorrect. [C:\USAFA\Spring 2026\ECE281\ece281-lab5\src\TDM4.vhd:]
WARNING: [filemgmt 56-199] Attempt to get parsing info during refresh. "On-the-fly" syntax checking information may be incorrect. [C:\USAFA\Spring 2026\ECE281\ece281-lab5\src\twoscomp_decimal.vhd:]
WARNING: [filemgmt 56-199] Attempt to get parsing info during refresh. "On-the-fly" syntax checking information may be incorrect. [C:\USAFA\Spring 2026\ECE281\ece281-lab5\src\controller_fsm.vhd:]
WARNING: [filemgmt 56-199] Attempt to get parsing info during refresh. "On-the-fly" syntax checking information may be incorrect. [C:\USAFA\Spring 2026\ECE281\ece281-lab5\src\clock_divider.vhd:]
WARNING: [filemgmt 56-199] Attempt to get parsing info during refresh. "On-the-fly" syntax checking information may be incorrect. [C:\USAFA\Spring 2026\ECE281\ece281-lab5\src\cpa_adder.vhd:]
WARNING: [filemgmt 56-199] Attempt to get parsing info during refresh. "On-the-fly" syntax checking information may be incorrect. [C:\USAFA\Spring 2026\ECE281\ece281-lab5\src\ALU.vhd:]
WARNING: [filemgmt 56-199] Attempt to get parsing info during refresh. "On-the-fly" syntax checking information may be incorrect. [C:\USAFA\Spring 2026\ECE281\ece281-lab5\src\twoscomp_decimal.vhd:]
WARNING: [filemgmt 56-199] Attempt to get parsing info during refresh. "On-the-fly" syntax checking information may be incorrect. [C:\USAFA\Spring 2026\ECE281\ece281-lab5\src\twoscomp_decimal.vhd:]
ERROR: [Common 17-180] Spawn failed: No error
ERROR: [Common 17-180] Spawn failed: No error
WARNING: [filemgmt 56-199] Attempt to get parsing info during refresh. "On-the-fly" syntax checking information may be incorrect. [C:\USAFA\Spring 2026\ECE281\ece281-lab5\src\TDM4.vhd:]
WARNING: [filemgmt 56-199] Attempt to get parsing info during refresh. "On-the-fly" syntax checking information may be incorrect. [C:\USAFA\Spring 2026\ECE281\ece281-lab5\src\twoscomp_decimal.vhd:]
WARNING: [filemgmt 56-199] Attempt to get parsing info during refresh. "On-the-fly" syntax checking information may be incorrect. [C:\USAFA\Spring 2026\ECE281\ece281-lab5\src\controller_fsm.vhd:]
WARNING: [filemgmt 56-199] Attempt to get parsing info during refresh. "On-the-fly" syntax checking information may be incorrect. [C:\USAFA\Spring 2026\ECE281\ece281-lab5\src\clock_divider.vhd:]
WARNING: [filemgmt 56-199] Attempt to get parsing info during refresh. "On-the-fly" syntax checking information may be incorrect. [C:\USAFA\Spring 2026\ECE281\ece281-lab5\src\cpa_adder.vhd:]
WARNING: [filemgmt 56-199] Attempt to get parsing info during refresh. "On-the-fly" syntax checking information may be incorrect. [C:\USAFA\Spring 2026\ECE281\ece281-lab5\src\ALU.vhd:]
WARNING: [filemgmt 56-199] Attempt to get parsing info during refresh. "On-the-fly" syntax checking information may be incorrect. [C:\USAFA\Spring 2026\ECE281\ece281-lab5\src\cpa_adder.vhd:]
WARNING: [filemgmt 56-199] Attempt to get parsing info during refresh. "On-the-fly" syntax checking information may be incorrect. [C:\USAFA\Spring 2026\ECE281\ece281-lab5\src\cpa_adder.vhd:]
ERROR: [Common 17-180] Spawn failed: No error
WARNING: [filemgmt 56-199] Attempt to get parsing info during refresh. "On-the-fly" syntax checking information may be incorrect. [C:\USAFA\Spring 2026\ECE281\ece281-lab5\src\TDM4.vhd:]
WARNING: [filemgmt 56-199] Attempt to get parsing info during refresh. "On-the-fly" syntax checking information may be incorrect. [C:\USAFA\Spring 2026\ECE281\ece281-lab5\src\twoscomp_decimal.vhd:]
WARNING: [filemgmt 56-199] Attempt to get parsing info during refresh. "On-the-fly" syntax checking information may be incorrect. [C:\USAFA\Spring 2026\ECE281\ece281-lab5\src\controller_fsm.vhd:]
WARNING: [filemgmt 56-199] Attempt to get parsing info during refresh. "On-the-fly" syntax checking information may be incorrect. [C:\USAFA\Spring 2026\ECE281\ece281-lab5\src\clock_divider.vhd:]
WARNING: [filemgmt 56-199] Attempt to get parsing info during refresh. "On-the-fly" syntax checking information may be incorrect. [C:\USAFA\Spring 2026\ECE281\ece281-lab5\src\cpa_adder.vhd:]
WARNING: [filemgmt 56-199] Attempt to get parsing info during refresh. "On-the-fly" syntax checking information may be incorrect. [C:\USAFA\Spring 2026\ECE281\ece281-lab5\src\ALU.vhd:]
WARNING: [filemgmt 56-199] Attempt to get parsing info during refresh. "On-the-fly" syntax checking information may be incorrect. [C:\USAFA\Spring 2026\ECE281\ece281-lab5\src\ALU.vhd:]
WARNING: [filemgmt 56-199] Attempt to get parsing info during refresh. "On-the-fly" syntax checking information may be incorrect. [C:\USAFA\Spring 2026\ECE281\ece281-lab5\src\ALU.vhd:]
add_files -norecurse {{C:/USAFA/Spring 2026/ECE281/ece281-lab2/src/sevenseg_decoder.vhd}}
WARNING: [filemgmt 56-199] Attempt to get parsing info during refresh. "On-the-fly" syntax checking information may be incorrect. [C:\USAFA\Spring 2026\ECE281\ece281-lab5\src\button_debounce.vhd:]
WARNING: [filemgmt 56-199] Attempt to get parsing info during refresh. "On-the-fly" syntax checking information may be incorrect. [C:\USAFA\Spring 2026\ECE281\ece281-lab5\src\TDM4.vhd:]
WARNING: [filemgmt 56-199] Attempt to get parsing info during refresh. "On-the-fly" syntax checking information may be incorrect. [C:\USAFA\Spring 2026\ECE281\ece281-lab5\src\twoscomp_decimal.vhd:]
WARNING: [filemgmt 56-199] Attempt to get parsing info during refresh. "On-the-fly" syntax checking information may be incorrect. [C:\USAFA\Spring 2026\ECE281\ece281-lab5\src\controller_fsm.vhd:]
WARNING: [filemgmt 56-199] Attempt to get parsing info during refresh. "On-the-fly" syntax checking information may be incorrect. [C:\USAFA\Spring 2026\ECE281\ece281-lab5\src\clock_divider.vhd:]
WARNING: [filemgmt 56-199] Attempt to get parsing info during refresh. "On-the-fly" syntax checking information may be incorrect. [C:\USAFA\Spring 2026\ECE281\ece281-lab5\src\top_basys3.vhd:]
WARNING: [filemgmt 56-199] Attempt to get parsing info during refresh. "On-the-fly" syntax checking information may be incorrect. [C:\USAFA\Spring 2026\ECE281\ece281-lab5\src\cpa_adder.vhd:]
WARNING: [filemgmt 56-199] Attempt to get parsing info during refresh. "On-the-fly" syntax checking information may be incorrect. [C:\USAFA\Spring 2026\ECE281\ece281-lab5\src\ALU.vhd:]
WARNING: [filemgmt 56-199] Attempt to get parsing info during refresh. "On-the-fly" syntax checking information may be incorrect. [C:\USAFA\Spring 2026\ECE281\ece281-lab5\src\controller_fsm.vhd:]
WARNING: [filemgmt 56-199] Attempt to get parsing info during refresh. "On-the-fly" syntax checking information may be incorrect. [C:\USAFA\Spring 2026\ECE281\ece281-lab5\src\controller_fsm.vhd:]
WARNING: [filemgmt 56-199] Attempt to get parsing info during refresh. "On-the-fly" syntax checking information may be incorrect. [C:\USAFA\Spring 2026\ECE281\ece281-lab5\src\button_debounce.vhd:]
WARNING: [filemgmt 56-199] Attempt to get parsing info during refresh. "On-the-fly" syntax checking information may be incorrect. [C:\USAFA\Spring 2026\ECE281\ece281-lab5\src\TDM4.vhd:]
WARNING: [filemgmt 56-199] Attempt to get parsing info during refresh. "On-the-fly" syntax checking information may be incorrect. [C:\USAFA\Spring 2026\ECE281\ece281-lab5\src\twoscomp_decimal.vhd:]
WARNING: [filemgmt 56-199] Attempt to get parsing info during refresh. "On-the-fly" syntax checking information may be incorrect. [C:\USAFA\Spring 2026\ECE281\ece281-lab5\src\controller_fsm.vhd:]
WARNING: [filemgmt 56-199] Attempt to get parsing info during refresh. "On-the-fly" syntax checking information may be incorrect. [C:\USAFA\Spring 2026\ECE281\ece281-lab5\src\clock_divider.vhd:]
WARNING: [filemgmt 56-199] Attempt to get parsing info during refresh. "On-the-fly" syntax checking information may be incorrect. [C:\USAFA\Spring 2026\ECE281\ece281-lab5\src\top_basys3.vhd:]
WARNING: [filemgmt 56-199] Attempt to get parsing info during refresh. "On-the-fly" syntax checking information may be incorrect. [C:\USAFA\Spring 2026\ECE281\ece281-lab5\src\cpa_adder.vhd:]
WARNING: [filemgmt 56-199] Attempt to get parsing info during refresh. "On-the-fly" syntax checking information may be incorrect. [C:\USAFA\Spring 2026\ECE281\ece281-lab5\src\ALU.vhd:]
WARNING: [filemgmt 56-199] Attempt to get parsing info during refresh. "On-the-fly" syntax checking information may be incorrect. [C:\USAFA\Spring 2026\ECE281\ece281-lab5\src\TDM4.vhd:]
WARNING: [filemgmt 56-199] Attempt to get parsing info during refresh. "On-the-fly" syntax checking information may be incorrect. [C:\USAFA\Spring 2026\ECE281\ece281-lab5\src\TDM4.vhd:]
WARNING: [filemgmt 56-199] Attempt to get parsing info during refresh. "On-the-fly" syntax checking information may be incorrect. [C:\USAFA\Spring 2026\ECE281\ece281-lab5\src\button_debounce.vhd:]
WARNING: [filemgmt 56-199] Attempt to get parsing info during refresh. "On-the-fly" syntax checking information may be incorrect. [C:\USAFA\Spring 2026\ECE281\ece281-lab5\src\TDM4.vhd:]
WARNING: [filemgmt 56-199] Attempt to get parsing info during refresh. "On-the-fly" syntax checking information may be incorrect. [C:\USAFA\Spring 2026\ECE281\ece281-lab5\src\twoscomp_decimal.vhd:]
WARNING: [filemgmt 56-199] Attempt to get parsing info during refresh. "On-the-fly" syntax checking information may be incorrect. [C:\USAFA\Spring 2026\ECE281\ece281-lab5\src\controller_fsm.vhd:]
WARNING: [filemgmt 56-199] Attempt to get parsing info during refresh. "On-the-fly" syntax checking information may be incorrect. [C:\USAFA\Spring 2026\ECE281\ece281-lab5\src\clock_divider.vhd:]
WARNING: [filemgmt 56-199] Attempt to get parsing info during refresh. "On-the-fly" syntax checking information may be incorrect. [C:\USAFA\Spring 2026\ECE281\ece281-lab5\src\top_basys3.vhd:]
WARNING: [filemgmt 56-199] Attempt to get parsing info during refresh. "On-the-fly" syntax checking information may be incorrect. [C:\USAFA\Spring 2026\ECE281\ece281-lab5\src\cpa_adder.vhd:]
WARNING: [filemgmt 56-199] Attempt to get parsing info during refresh. "On-the-fly" syntax checking information may be incorrect. [C:\USAFA\Spring 2026\ECE281\ece281-lab5\src\ALU.vhd:]
WARNING: [filemgmt 56-199] Attempt to get parsing info during refresh. "On-the-fly" syntax checking information may be incorrect. [C:\USAFA\Spring 2026\ECE281\ece281-lab5\src\twoscomp_decimal.vhd:]
WARNING: [filemgmt 56-199] Attempt to get parsing info during refresh. "On-the-fly" syntax checking information may be incorrect. [C:\USAFA\Spring 2026\ECE281\ece281-lab5\src\twoscomp_decimal.vhd:]
WARNING: [filemgmt 56-199] Attempt to get parsing info during refresh. "On-the-fly" syntax checking information may be incorrect. [C:\USAFA\Spring 2026\ECE281\ece281-lab5\src\button_debounce.vhd:]
WARNING: [filemgmt 56-199] Attempt to get parsing info during refresh. "On-the-fly" syntax checking information may be incorrect. [C:\USAFA\Spring 2026\ECE281\ece281-lab5\src\TDM4.vhd:]
WARNING: [filemgmt 56-199] Attempt to get parsing info during refresh. "On-the-fly" syntax checking information may be incorrect. [C:\USAFA\Spring 2026\ECE281\ece281-lab5\src\twoscomp_decimal.vhd:]
WARNING: [filemgmt 56-199] Attempt to get parsing info during refresh. "On-the-fly" syntax checking information may be incorrect. [C:\USAFA\Spring 2026\ECE281\ece281-lab5\src\controller_fsm.vhd:]
WARNING: [filemgmt 56-199] Attempt to get parsing info during refresh. "On-the-fly" syntax checking information may be incorrect. [C:\USAFA\Spring 2026\ECE281\ece281-lab5\src\clock_divider.vhd:]
WARNING: [filemgmt 56-199] Attempt to get parsing info during refresh. "On-the-fly" syntax checking information may be incorrect. [C:\USAFA\Spring 2026\ECE281\ece281-lab5\src\top_basys3.vhd:]
WARNING: [filemgmt 56-199] Attempt to get parsing info during refresh. "On-the-fly" syntax checking information may be incorrect. [C:\USAFA\Spring 2026\ECE281\ece281-lab5\src\cpa_adder.vhd:]
WARNING: [filemgmt 56-199] Attempt to get parsing info during refresh. "On-the-fly" syntax checking information may be incorrect. [C:\USAFA\Spring 2026\ECE281\ece281-lab5\src\ALU.vhd:]
WARNING: [filemgmt 56-199] Attempt to get parsing info during refresh. "On-the-fly" syntax checking information may be incorrect. [C:\USAFA\Spring 2026\ECE281\ece281-lab5\src\top_basys3.vhd:]
WARNING: [filemgmt 56-199] Attempt to get parsing info during refresh. "On-the-fly" syntax checking information may be incorrect. [C:\USAFA\Spring 2026\ECE281\ece281-lab5\src\top_basys3.vhd:]
ERROR: [Common 17-180] Spawn failed: No error
ERROR: [Common 17-180] Spawn failed: No error
WARNING: [filemgmt 56-199] Attempt to get parsing info during refresh. "On-the-fly" syntax checking information may be incorrect. [C:\USAFA\Spring 2026\ECE281\ece281-lab5\src\button_debounce.vhd:]
WARNING: [filemgmt 56-199] Attempt to get parsing info during refresh. "On-the-fly" syntax checking information may be incorrect. [C:\USAFA\Spring 2026\ECE281\ece281-lab5\src\TDM4.vhd:]
WARNING: [filemgmt 56-199] Attempt to get parsing info during refresh. "On-the-fly" syntax checking information may be incorrect. [C:\USAFA\Spring 2026\ECE281\ece281-lab5\src\twoscomp_decimal.vhd:]
WARNING: [filemgmt 56-199] Attempt to get parsing info during refresh. "On-the-fly" syntax checking information may be incorrect. [C:\USAFA\Spring 2026\ECE281\ece281-lab5\src\controller_fsm.vhd:]
WARNING: [filemgmt 56-199] Attempt to get parsing info during refresh. "On-the-fly" syntax checking information may be incorrect. [C:\USAFA\Spring 2026\ECE281\ece281-lab5\src\clock_divider.vhd:]
WARNING: [filemgmt 56-199] Attempt to get parsing info during refresh. "On-the-fly" syntax checking information may be incorrect. [C:\USAFA\Spring 2026\ECE281\ece281-lab5\src\top_basys3.vhd:]
WARNING: [filemgmt 56-199] Attempt to get parsing info during refresh. "On-the-fly" syntax checking information may be incorrect. [C:\USAFA\Spring 2026\ECE281\ece281-lab5\src\cpa_adder.vhd:]
WARNING: [filemgmt 56-199] Attempt to get parsing info during refresh. "On-the-fly" syntax checking information may be incorrect. [C:\USAFA\Spring 2026\ECE281\ece281-lab5\src\ALU.vhd:]
WARNING: [filemgmt 56-199] Attempt to get parsing info during refresh. "On-the-fly" syntax checking information may be incorrect. [C:\USAFA\Spring 2026\ECE281\ece281-lab5\src\cpa_adder.vhd:]
WARNING: [filemgmt 56-199] Attempt to get parsing info during refresh. "On-the-fly" syntax checking information may be incorrect. [C:\USAFA\Spring 2026\ECE281\ece281-lab5\src\cpa_adder.vhd:]
WARNING: [filemgmt 56-199] Attempt to get parsing info during refresh. "On-the-fly" syntax checking information may be incorrect. [C:\USAFA\Spring 2026\ECE281\ece281-lab5\src\button_debounce.vhd:]
WARNING: [filemgmt 56-199] Attempt to get parsing info during refresh. "On-the-fly" syntax checking information may be incorrect. [C:\USAFA\Spring 2026\ECE281\ece281-lab5\src\TDM4.vhd:]
WARNING: [filemgmt 56-199] Attempt to get parsing info during refresh. "On-the-fly" syntax checking information may be incorrect. [C:\USAFA\Spring 2026\ECE281\ece281-lab5\src\twoscomp_decimal.vhd:]
WARNING: [filemgmt 56-199] Attempt to get parsing info during refresh. "On-the-fly" syntax checking information may be incorrect. [C:\USAFA\Spring 2026\ECE281\ece281-lab5\src\controller_fsm.vhd:]
WARNING: [filemgmt 56-199] Attempt to get parsing info during refresh. "On-the-fly" syntax checking information may be incorrect. [C:\USAFA\Spring 2026\ECE281\ece281-lab5\src\clock_divider.vhd:]
WARNING: [filemgmt 56-199] Attempt to get parsing info during refresh. "On-the-fly" syntax checking information may be incorrect. [C:\USAFA\Spring 2026\ECE281\ece281-lab5\src\top_basys3.vhd:]
WARNING: [filemgmt 56-199] Attempt to get parsing info during refresh. "On-the-fly" syntax checking information may be incorrect. [C:\USAFA\Spring 2026\ECE281\ece281-lab5\src\cpa_adder.vhd:]
WARNING: [filemgmt 56-199] Attempt to get parsing info during refresh. "On-the-fly" syntax checking information may be incorrect. [C:\USAFA\Spring 2026\ECE281\ece281-lab5\src\ALU.vhd:]
WARNING: [filemgmt 56-199] Attempt to get parsing info during refresh. "On-the-fly" syntax checking information may be incorrect. [C:\USAFA\Spring 2026\ECE281\ece281-lab5\src\ALU.vhd:]
WARNING: [filemgmt 56-199] Attempt to get parsing info during refresh. "On-the-fly" syntax checking information may be incorrect. [C:\USAFA\Spring 2026\ECE281\ece281-lab5\src\ALU.vhd:]
ERROR: [Common 17-180] Spawn failed: No error
ERROR: [Common 17-180] Spawn failed: No error
update_compile_order -fileset sources_1
WARNING: [filemgmt 56-199] Attempt to get parsing info during refresh. "On-the-fly" syntax checking information may be incorrect. [C:\USAFA\Spring 2026\ECE281\ece281-lab5\src\button_debounce.vhd:]
WARNING: [filemgmt 56-199] Attempt to get parsing info during refresh. "On-the-fly" syntax checking information may be incorrect. [C:\USAFA\Spring 2026\ECE281\ece281-lab5\src\TDM4.vhd:]
WARNING: [filemgmt 56-199] Attempt to get parsing info during refresh. "On-the-fly" syntax checking information may be incorrect. [C:\USAFA\Spring 2026\ECE281\ece281-lab5\src\twoscomp_decimal.vhd:]
WARNING: [filemgmt 56-199] Attempt to get parsing info during refresh. "On-the-fly" syntax checking information may be incorrect. [C:\USAFA\Spring 2026\ECE281\ece281-lab5\src\controller_fsm.vhd:]
WARNING: [filemgmt 56-199] Attempt to get parsing info during refresh. "On-the-fly" syntax checking information may be incorrect. [C:\USAFA\Spring 2026\ECE281\ece281-lab5\src\clock_divider.vhd:]
WARNING: [filemgmt 56-199] Attempt to get parsing info during refresh. "On-the-fly" syntax checking information may be incorrect. [C:\USAFA\Spring 2026\ECE281\ece281-lab5\src\top_basys3.vhd:]
WARNING: [filemgmt 56-199] Attempt to get parsing info during refresh. "On-the-fly" syntax checking information may be incorrect. [C:\USAFA\Spring 2026\ECE281\ece281-lab5\src\cpa_adder.vhd:]
WARNING: [filemgmt 56-199] Attempt to get parsing info during refresh. "On-the-fly" syntax checking information may be incorrect. [C:\USAFA\Spring 2026\ECE281\ece281-lab5\src\ALU.vhd:]
WARNING: [filemgmt 56-199] Attempt to get parsing info during refresh. "On-the-fly" syntax checking information may be incorrect. [C:\USAFA\Spring 2026\ECE281\ece281-lab5\src\controller_fsm.vhd:]
WARNING: [filemgmt 56-199] Attempt to get parsing info during refresh. "On-the-fly" syntax checking information may be incorrect. [C:\USAFA\Spring 2026\ECE281\ece281-lab5\src\controller_fsm.vhd:]
WARNING: [filemgmt 56-199] Attempt to get parsing info during refresh. "On-the-fly" syntax checking information may be incorrect. [C:\USAFA\Spring 2026\ECE281\ece281-lab5\src\button_debounce.vhd:]
WARNING: [filemgmt 56-199] Attempt to get parsing info during refresh. "On-the-fly" syntax checking information may be incorrect. [C:\USAFA\Spring 2026\ECE281\ece281-lab5\src\TDM4.vhd:]
WARNING: [filemgmt 56-199] Attempt to get parsing info during refresh. "On-the-fly" syntax checking information may be incorrect. [C:\USAFA\Spring 2026\ECE281\ece281-lab5\src\twoscomp_decimal.vhd:]
WARNING: [filemgmt 56-199] Attempt to get parsing info during refresh. "On-the-fly" syntax checking information may be incorrect. [C:\USAFA\Spring 2026\ECE281\ece281-lab5\src\controller_fsm.vhd:]
WARNING: [filemgmt 56-199] Attempt to get parsing info during refresh. "On-the-fly" syntax checking information may be incorrect. [C:\USAFA\Spring 2026\ECE281\ece281-lab5\src\clock_divider.vhd:]
WARNING: [filemgmt 56-199] Attempt to get parsing info during refresh. "On-the-fly" syntax checking information may be incorrect. [C:\USAFA\Spring 2026\ECE281\ece281-lab5\src\top_basys3.vhd:]
WARNING: [filemgmt 56-199] Attempt to get parsing info during refresh. "On-the-fly" syntax checking information may be incorrect. [C:\USAFA\Spring 2026\ECE281\ece281-lab5\src\cpa_adder.vhd:]
WARNING: [filemgmt 56-199] Attempt to get parsing info during refresh. "On-the-fly" syntax checking information may be incorrect. [C:\USAFA\Spring 2026\ECE281\ece281-lab5\src\ALU.vhd:]
WARNING: [filemgmt 56-199] Attempt to get parsing info during refresh. "On-the-fly" syntax checking information may be incorrect. [C:\USAFA\Spring 2026\ECE281\ece281-lab5\src\TDM4.vhd:]
WARNING: [filemgmt 56-199] Attempt to get parsing info during refresh. "On-the-fly" syntax checking information may be incorrect. [C:\USAFA\Spring 2026\ECE281\ece281-lab5\src\TDM4.vhd:]
WARNING: [filemgmt 56-199] Attempt to get parsing info during refresh. "On-the-fly" syntax checking information may be incorrect. [C:\USAFA\Spring 2026\ECE281\ece281-lab5\src\button_debounce.vhd:]
WARNING: [filemgmt 56-199] Attempt to get parsing info during refresh. "On-the-fly" syntax checking information may be incorrect. [C:\USAFA\Spring 2026\ECE281\ece281-lab5\src\TDM4.vhd:]
WARNING: [filemgmt 56-199] Attempt to get parsing info during refresh. "On-the-fly" syntax checking information may be incorrect. [C:\USAFA\Spring 2026\ECE281\ece281-lab5\src\twoscomp_decimal.vhd:]
WARNING: [filemgmt 56-199] Attempt to get parsing info during refresh. "On-the-fly" syntax checking information may be incorrect. [C:\USAFA\Spring 2026\ECE281\ece281-lab5\src\controller_fsm.vhd:]
WARNING: [filemgmt 56-199] Attempt to get parsing info during refresh. "On-the-fly" syntax checking information may be incorrect. [C:\USAFA\Spring 2026\ECE281\ece281-lab5\src\clock_divider.vhd:]
WARNING: [filemgmt 56-199] Attempt to get parsing info during refresh. "On-the-fly" syntax checking information may be incorrect. [C:\USAFA\Spring 2026\ECE281\ece281-lab5\src\top_basys3.vhd:]
WARNING: [filemgmt 56-199] Attempt to get parsing info during refresh. "On-the-fly" syntax checking information may be incorrect. [C:\USAFA\Spring 2026\ECE281\ece281-lab5\src\cpa_adder.vhd:]
WARNING: [filemgmt 56-199] Attempt to get parsing info during refresh. "On-the-fly" syntax checking information may be incorrect. [C:\USAFA\Spring 2026\ECE281\ece281-lab5\src\ALU.vhd:]
WARNING: [filemgmt 56-199] Attempt to get parsing info during refresh. "On-the-fly" syntax checking information may be incorrect. [C:\USAFA\Spring 2026\ECE281\ece281-lab5\src\twoscomp_decimal.vhd:]
WARNING: [filemgmt 56-199] Attempt to get parsing info during refresh. "On-the-fly" syntax checking information may be incorrect. [C:\USAFA\Spring 2026\ECE281\ece281-lab5\src\twoscomp_decimal.vhd:]
WARNING: [filemgmt 56-199] Attempt to get parsing info during refresh. "On-the-fly" syntax checking information may be incorrect. [C:\USAFA\Spring 2026\ECE281\ece281-lab5\src\button_debounce.vhd:]
WARNING: [filemgmt 56-199] Attempt to get parsing info during refresh. "On-the-fly" syntax checking information may be incorrect. [C:\USAFA\Spring 2026\ECE281\ece281-lab5\src\TDM4.vhd:]
WARNING: [filemgmt 56-199] Attempt to get parsing info during refresh. "On-the-fly" syntax checking information may be incorrect. [C:\USAFA\Spring 2026\ECE281\ece281-lab5\src\twoscomp_decimal.vhd:]
WARNING: [filemgmt 56-199] Attempt to get parsing info during refresh. "On-the-fly" syntax checking information may be incorrect. [C:\USAFA\Spring 2026\ECE281\ece281-lab5\src\controller_fsm.vhd:]
WARNING: [filemgmt 56-199] Attempt to get parsing info during refresh. "On-the-fly" syntax checking information may be incorrect. [C:\USAFA\Spring 2026\ECE281\ece281-lab5\src\clock_divider.vhd:]
WARNING: [filemgmt 56-199] Attempt to get parsing info during refresh. "On-the-fly" syntax checking information may be incorrect. [C:\USAFA\Spring 2026\ECE281\ece281-lab5\src\top_basys3.vhd:]
WARNING: [filemgmt 56-199] Attempt to get parsing info during refresh. "On-the-fly" syntax checking information may be incorrect. [C:\USAFA\Spring 2026\ECE281\ece281-lab5\src\cpa_adder.vhd:]
WARNING: [filemgmt 56-199] Attempt to get parsing info during refresh. "On-the-fly" syntax checking information may be incorrect. [C:\USAFA\Spring 2026\ECE281\ece281-lab5\src\ALU.vhd:]
WARNING: [filemgmt 56-199] Attempt to get parsing info during refresh. "On-the-fly" syntax checking information may be incorrect. [C:\USAFA\Spring 2026\ECE281\ece281-lab5\src\top_basys3.vhd:]
WARNING: [filemgmt 56-199] Attempt to get parsing info during refresh. "On-the-fly" syntax checking information may be incorrect. [C:\USAFA\Spring 2026\ECE281\ece281-lab5\src\top_basys3.vhd:]
ERROR: [Common 17-180] Spawn failed: No error
WARNING: [filemgmt 56-199] Attempt to get parsing info during refresh. "On-the-fly" syntax checking information may be incorrect. [C:\USAFA\Spring 2026\ECE281\ece281-lab5\src\button_debounce.vhd:]
WARNING: [filemgmt 56-199] Attempt to get parsing info during refresh. "On-the-fly" syntax checking information may be incorrect. [C:\USAFA\Spring 2026\ECE281\ece281-lab5\src\TDM4.vhd:]
WARNING: [filemgmt 56-199] Attempt to get parsing info during refresh. "On-the-fly" syntax checking information may be incorrect. [C:\USAFA\Spring 2026\ECE281\ece281-lab5\src\twoscomp_decimal.vhd:]
WARNING: [filemgmt 56-199] Attempt to get parsing info during refresh. "On-the-fly" syntax checking information may be incorrect. [C:\USAFA\Spring 2026\ECE281\ece281-lab5\src\controller_fsm.vhd:]
WARNING: [filemgmt 56-199] Attempt to get parsing info during refresh. "On-the-fly" syntax checking information may be incorrect. [C:\USAFA\Spring 2026\ECE281\ece281-lab5\src\clock_divider.vhd:]
WARNING: [filemgmt 56-199] Attempt to get parsing info during refresh. "On-the-fly" syntax checking information may be incorrect. [C:\USAFA\Spring 2026\ECE281\ece281-lab5\src\top_basys3.vhd:]
WARNING: [filemgmt 56-199] Attempt to get parsing info during refresh. "On-the-fly" syntax checking information may be incorrect. [C:\USAFA\Spring 2026\ECE281\ece281-lab5\src\cpa_adder.vhd:]
WARNING: [filemgmt 56-199] Attempt to get parsing info during refresh. "On-the-fly" syntax checking information may be incorrect. [C:\USAFA\Spring 2026\ECE281\ece281-lab5\src\ALU.vhd:]
WARNING: [filemgmt 56-199] Attempt to get parsing info during refresh. "On-the-fly" syntax checking information may be incorrect. [C:\USAFA\Spring 2026\ECE281\ece281-lab5\src\cpa_adder.vhd:]
WARNING: [filemgmt 56-199] Attempt to get parsing info during refresh. "On-the-fly" syntax checking information may be incorrect. [C:\USAFA\Spring 2026\ECE281\ece281-lab5\src\cpa_adder.vhd:]
ERROR: [Common 17-180] Spawn failed: No error
WARNING: [filemgmt 56-199] Attempt to get parsing info during refresh. "On-the-fly" syntax checking information may be incorrect. [C:\USAFA\Spring 2026\ECE281\ece281-lab5\src\button_debounce.vhd:]
WARNING: [filemgmt 56-199] Attempt to get parsing info during refresh. "On-the-fly" syntax checking information may be incorrect. [C:\USAFA\Spring 2026\ECE281\ece281-lab5\src\TDM4.vhd:]
WARNING: [filemgmt 56-199] Attempt to get parsing info during refresh. "On-the-fly" syntax checking information may be incorrect. [C:\USAFA\Spring 2026\ECE281\ece281-lab5\src\twoscomp_decimal.vhd:]
WARNING: [filemgmt 56-199] Attempt to get parsing info during refresh. "On-the-fly" syntax checking information may be incorrect. [C:\USAFA\Spring 2026\ECE281\ece281-lab5\src\controller_fsm.vhd:]
WARNING: [filemgmt 56-199] Attempt to get parsing info during refresh. "On-the-fly" syntax checking information may be incorrect. [C:\USAFA\Spring 2026\ECE281\ece281-lab5\src\clock_divider.vhd:]
WARNING: [filemgmt 56-199] Attempt to get parsing info during refresh. "On-the-fly" syntax checking information may be incorrect. [C:\USAFA\Spring 2026\ECE281\ece281-lab5\src\top_basys3.vhd:]
WARNING: [filemgmt 56-199] Attempt to get parsing info during refresh. "On-the-fly" syntax checking information may be incorrect. [C:\USAFA\Spring 2026\ECE281\ece281-lab5\src\cpa_adder.vhd:]
WARNING: [filemgmt 56-199] Attempt to get parsing info during refresh. "On-the-fly" syntax checking information may be incorrect. [C:\USAFA\Spring 2026\ECE281\ece281-lab5\src\ALU.vhd:]
WARNING: [filemgmt 56-199] Attempt to get parsing info during refresh. "On-the-fly" syntax checking information may be incorrect. [C:\USAFA\Spring 2026\ECE281\ece281-lab5\src\ALU.vhd:]
WARNING: [filemgmt 56-199] Attempt to get parsing info during refresh. "On-the-fly" syntax checking information may be incorrect. [C:\USAFA\Spring 2026\ECE281\ece281-lab5\src\ALU.vhd:]
ERROR: [Common 17-180] Spawn failed: No error
WARNING: [filemgmt 56-199] Attempt to get parsing info during refresh. "On-the-fly" syntax checking information may be incorrect. [C:\USAFA\Spring 2026\ECE281\ece281-lab5\src\button_debounce.vhd:]
WARNING: [filemgmt 56-199] Attempt to get parsing info during refresh. "On-the-fly" syntax checking information may be incorrect. [C:\USAFA\Spring 2026\ECE281\ece281-lab5\src\TDM4.vhd:]
WARNING: [filemgmt 56-199] Attempt to get parsing info during refresh. "On-the-fly" syntax checking information may be incorrect. [C:\USAFA\Spring 2026\ECE281\ece281-lab5\src\twoscomp_decimal.vhd:]
WARNING: [filemgmt 56-199] Attempt to get parsing info during refresh. "On-the-fly" syntax checking information may be incorrect. [C:\USAFA\Spring 2026\ECE281\ece281-lab5\src\controller_fsm.vhd:]
WARNING: [filemgmt 56-199] Attempt to get parsing info during refresh. "On-the-fly" syntax checking information may be incorrect. [C:\USAFA\Spring 2026\ECE281\ece281-lab5\src\clock_divider.vhd:]
WARNING: [filemgmt 56-199] Attempt to get parsing info during refresh. "On-the-fly" syntax checking information may be incorrect. [C:\USAFA\Spring 2026\ECE281\ece281-lab5\src\top_basys3.vhd:]
WARNING: [filemgmt 56-199] Attempt to get parsing info during refresh. "On-the-fly" syntax checking information may be incorrect. [C:\USAFA\Spring 2026\ECE281\ece281-lab5\src\cpa_adder.vhd:]
WARNING: [filemgmt 56-199] Attempt to get parsing info during refresh. "On-the-fly" syntax checking information may be incorrect. [C:\USAFA\Spring 2026\ECE281\ece281-lab5\src\ALU.vhd:]
WARNING: [filemgmt 56-199] Attempt to get parsing info during refresh. "On-the-fly" syntax checking information may be incorrect. [C:\USAFA\Spring 2026\ECE281\ece281-lab5\src\clock_divider.vhd:]
WARNING: [filemgmt 56-199] Attempt to get parsing info during refresh. "On-the-fly" syntax checking information may be incorrect. [C:\USAFA\Spring 2026\ECE281\ece281-lab5\src\clock_divider.vhd:]
ERROR: [Common 17-180] Spawn failed: No error
close [ open {C:/USAFA/Spring 2026/ECE281/ece281-lab5/src/register.vhd} w ]
add_files {{C:/USAFA/Spring 2026/ECE281/ece281-lab5/src/register.vhd}}
WARNING: [filemgmt 56-199] Attempt to get parsing info during refresh. "On-the-fly" syntax checking information may be incorrect. [C:\USAFA\Spring 2026\ECE281\ece281-lab5\src\button_debounce.vhd:]
WARNING: [filemgmt 56-199] Attempt to get parsing info during refresh. "On-the-fly" syntax checking information may be incorrect. [C:\USAFA\Spring 2026\ECE281\ece281-lab2\src\sevenseg_decoder.vhd:]
WARNING: [filemgmt 56-199] Attempt to get parsing info during refresh. "On-the-fly" syntax checking information may be incorrect. [C:\USAFA\Spring 2026\ECE281\ece281-lab5\src\TDM4.vhd:]
WARNING: [filemgmt 56-199] Attempt to get parsing info during refresh. "On-the-fly" syntax checking information may be incorrect. [C:\USAFA\Spring 2026\ECE281\ece281-lab5\src\twoscomp_decimal.vhd:]
WARNING: [filemgmt 56-199] Attempt to get parsing info during refresh. "On-the-fly" syntax checking information may be incorrect. [C:\USAFA\Spring 2026\ECE281\ece281-lab5\src\controller_fsm.vhd:]
WARNING: [filemgmt 56-199] Attempt to get parsing info during refresh. "On-the-fly" syntax checking information may be incorrect. [C:\USAFA\Spring 2026\ECE281\ece281-lab5\src\clock_divider.vhd:]
WARNING: [filemgmt 56-199] Attempt to get parsing info during refresh. "On-the-fly" syntax checking information may be incorrect. [C:\USAFA\Spring 2026\ECE281\ece281-lab5\src\top_basys3.vhd:]
WARNING: [filemgmt 56-199] Attempt to get parsing info during refresh. "On-the-fly" syntax checking information may be incorrect. [C:\USAFA\Spring 2026\ECE281\ece281-lab5\src\cpa_adder.vhd:]
WARNING: [filemgmt 56-199] Attempt to get parsing info during refresh. "On-the-fly" syntax checking information may be incorrect. [C:\USAFA\Spring 2026\ECE281\ece281-lab5\src\ALU.vhd:]
WARNING: [filemgmt 56-199] Attempt to get parsing info during refresh. "On-the-fly" syntax checking information may be incorrect. [C:\USAFA\Spring 2026\ECE281\ece281-lab5\src\TDM4.vhd:]
WARNING: [filemgmt 56-199] Attempt to get parsing info during refresh. "On-the-fly" syntax checking information may be incorrect. [C:\USAFA\Spring 2026\ECE281\ece281-lab5\src\TDM4.vhd:]
WARNING: [filemgmt 56-199] Attempt to get parsing info during refresh. "On-the-fly" syntax checking information may be incorrect. [C:\USAFA\Spring 2026\ECE281\ece281-lab5\src\button_debounce.vhd:]
WARNING: [filemgmt 56-199] Attempt to get parsing info during refresh. "On-the-fly" syntax checking information may be incorrect. [C:\USAFA\Spring 2026\ECE281\ece281-lab2\src\sevenseg_decoder.vhd:]
WARNING: [filemgmt 56-199] Attempt to get parsing info during refresh. "On-the-fly" syntax checking information may be incorrect. [C:\USAFA\Spring 2026\ECE281\ece281-lab5\src\TDM4.vhd:]
WARNING: [filemgmt 56-199] Attempt to get parsing info during refresh. "On-the-fly" syntax checking information may be incorrect. [C:\USAFA\Spring 2026\ECE281\ece281-lab5\src\twoscomp_decimal.vhd:]
WARNING: [filemgmt 56-199] Attempt to get parsing info during refresh. "On-the-fly" syntax checking information may be incorrect. [C:\USAFA\Spring 2026\ECE281\ece281-lab5\src\controller_fsm.vhd:]
WARNING: [filemgmt 56-199] Attempt to get parsing info during refresh. "On-the-fly" syntax checking information may be incorrect. [C:\USAFA\Spring 2026\ECE281\ece281-lab5\src\clock_divider.vhd:]
WARNING: [filemgmt 56-199] Attempt to get parsing info during refresh. "On-the-fly" syntax checking information may be incorrect. [C:\USAFA\Spring 2026\ECE281\ece281-lab5\src\top_basys3.vhd:]
WARNING: [filemgmt 56-199] Attempt to get parsing info during refresh. "On-the-fly" syntax checking information may be incorrect. [C:\USAFA\Spring 2026\ECE281\ece281-lab5\src\cpa_adder.vhd:]
WARNING: [filemgmt 56-199] Attempt to get parsing info during refresh. "On-the-fly" syntax checking information may be incorrect. [C:\USAFA\Spring 2026\ECE281\ece281-lab5\src\ALU.vhd:]
WARNING: [filemgmt 56-199] Attempt to get parsing info during refresh. "On-the-fly" syntax checking information may be incorrect. [C:\USAFA\Spring 2026\ECE281\ece281-lab5\src\ALU.vhd:]
WARNING: [filemgmt 56-199] Attempt to get parsing info during refresh. "On-the-fly" syntax checking information may be incorrect. [C:\USAFA\Spring 2026\ECE281\ece281-lab5\src\ALU.vhd:]
WARNING: [filemgmt 56-199] Attempt to get parsing info during refresh. "On-the-fly" syntax checking information may be incorrect. [C:\USAFA\Spring 2026\ECE281\ece281-lab5\src\button_debounce.vhd:]
WARNING: [filemgmt 56-199] Attempt to get parsing info during refresh. "On-the-fly" syntax checking information may be incorrect. [C:\USAFA\Spring 2026\ECE281\ece281-lab2\src\sevenseg_decoder.vhd:]
WARNING: [filemgmt 56-199] Attempt to get parsing info during refresh. "On-the-fly" syntax checking information may be incorrect. [C:\USAFA\Spring 2026\ECE281\ece281-lab5\src\TDM4.vhd:]
WARNING: [filemgmt 56-199] Attempt to get parsing info during refresh. "On-the-fly" syntax checking information may be incorrect. [C:\USAFA\Spring 2026\ECE281\ece281-lab5\src\twoscomp_decimal.vhd:]
WARNING: [filemgmt 56-199] Attempt to get parsing info during refresh. "On-the-fly" syntax checking information may be incorrect. [C:\USAFA\Spring 2026\ECE281\ece281-lab5\src\controller_fsm.vhd:]
WARNING: [filemgmt 56-199] Attempt to get parsing info during refresh. "On-the-fly" syntax checking information may be incorrect. [C:\USAFA\Spring 2026\ECE281\ece281-lab5\src\clock_divider.vhd:]
WARNING: [filemgmt 56-199] Attempt to get parsing info during refresh. "On-the-fly" syntax checking information may be incorrect. [C:\USAFA\Spring 2026\ECE281\ece281-lab5\src\top_basys3.vhd:]
WARNING: [filemgmt 56-199] Attempt to get parsing info during refresh. "On-the-fly" syntax checking information may be incorrect. [C:\USAFA\Spring 2026\ECE281\ece281-lab5\src\cpa_adder.vhd:]
WARNING: [filemgmt 56-199] Attempt to get parsing info during refresh. "On-the-fly" syntax checking information may be incorrect. [C:\USAFA\Spring 2026\ECE281\ece281-lab5\src\ALU.vhd:]
WARNING: [filemgmt 56-199] Attempt to get parsing info during refresh. "On-the-fly" syntax checking information may be incorrect. [C:\USAFA\Spring 2026\ECE281\ece281-lab5\src\controller_fsm.vhd:]
WARNING: [filemgmt 56-199] Attempt to get parsing info during refresh. "On-the-fly" syntax checking information may be incorrect. [C:\USAFA\Spring 2026\ECE281\ece281-lab5\src\controller_fsm.vhd:]
WARNING: [filemgmt 56-199] Attempt to get parsing info during refresh. "On-the-fly" syntax checking information may be incorrect. [C:\USAFA\Spring 2026\ECE281\ece281-lab5\src\button_debounce.vhd:]
WARNING: [filemgmt 56-199] Attempt to get parsing info during refresh. "On-the-fly" syntax checking information may be incorrect. [C:\USAFA\Spring 2026\ECE281\ece281-lab2\src\sevenseg_decoder.vhd:]
WARNING: [filemgmt 56-199] Attempt to get parsing info during refresh. "On-the-fly" syntax checking information may be incorrect. [C:\USAFA\Spring 2026\ECE281\ece281-lab5\src\TDM4.vhd:]
WARNING: [filemgmt 56-199] Attempt to get parsing info during refresh. "On-the-fly" syntax checking information may be incorrect. [C:\USAFA\Spring 2026\ECE281\ece281-lab5\src\twoscomp_decimal.vhd:]
WARNING: [filemgmt 56-199] Attempt to get parsing info during refresh. "On-the-fly" syntax checking information may be incorrect. [C:\USAFA\Spring 2026\ECE281\ece281-lab5\src\controller_fsm.vhd:]
WARNING: [filemgmt 56-199] Attempt to get parsing info during refresh. "On-the-fly" syntax checking information may be incorrect. [C:\USAFA\Spring 2026\ECE281\ece281-lab5\src\clock_divider.vhd:]
WARNING: [filemgmt 56-199] Attempt to get parsing info during refresh. "On-the-fly" syntax checking information may be incorrect. [C:\USAFA\Spring 2026\ECE281\ece281-lab5\src\top_basys3.vhd:]
WARNING: [filemgmt 56-199] Attempt to get parsing info during refresh. "On-the-fly" syntax checking information may be incorrect. [C:\USAFA\Spring 2026\ECE281\ece281-lab5\src\cpa_adder.vhd:]
WARNING: [filemgmt 56-199] Attempt to get parsing info during refresh. "On-the-fly" syntax checking information may be incorrect. [C:\USAFA\Spring 2026\ECE281\ece281-lab5\src\ALU.vhd:]
WARNING: [filemgmt 56-199] Attempt to get parsing info during refresh. "On-the-fly" syntax checking information may be incorrect. [C:\USAFA\Spring 2026\ECE281\ece281-lab5\src\clock_divider.vhd:]
WARNING: [filemgmt 56-199] Attempt to get parsing info during refresh. "On-the-fly" syntax checking information may be incorrect. [C:\USAFA\Spring 2026\ECE281\ece281-lab5\src\clock_divider.vhd:]
WARNING: [filemgmt 56-199] Attempt to get parsing info during refresh. "On-the-fly" syntax checking information may be incorrect. [C:\USAFA\Spring 2026\ECE281\ece281-lab5\src\button_debounce.vhd:]
WARNING: [filemgmt 56-199] Attempt to get parsing info during refresh. "On-the-fly" syntax checking information may be incorrect. [C:\USAFA\Spring 2026\ECE281\ece281-lab2\src\sevenseg_decoder.vhd:]
WARNING: [filemgmt 56-199] Attempt to get parsing info during refresh. "On-the-fly" syntax checking information may be incorrect. [C:\USAFA\Spring 2026\ECE281\ece281-lab5\src\TDM4.vhd:]
WARNING: [filemgmt 56-199] Attempt to get parsing info during refresh. "On-the-fly" syntax checking information may be incorrect. [C:\USAFA\Spring 2026\ECE281\ece281-lab5\src\twoscomp_decimal.vhd:]
WARNING: [filemgmt 56-199] Attempt to get parsing info during refresh. "On-the-fly" syntax checking information may be incorrect. [C:\USAFA\Spring 2026\ECE281\ece281-lab5\src\controller_fsm.vhd:]
WARNING: [filemgmt 56-199] Attempt to get parsing info during refresh. "On-the-fly" syntax checking information may be incorrect. [C:\USAFA\Spring 2026\ECE281\ece281-lab5\src\clock_divider.vhd:]
WARNING: [filemgmt 56-199] Attempt to get parsing info during refresh. "On-the-fly" syntax checking information may be incorrect. [C:\USAFA\Spring 2026\ECE281\ece281-lab5\src\top_basys3.vhd:]
WARNING: [filemgmt 56-199] Attempt to get parsing info during refresh. "On-the-fly" syntax checking information may be incorrect. [C:\USAFA\Spring 2026\ECE281\ece281-lab5\src\cpa_adder.vhd:]
WARNING: [filemgmt 56-199] Attempt to get parsing info during refresh. "On-the-fly" syntax checking information may be incorrect. [C:\USAFA\Spring 2026\ECE281\ece281-lab5\src\ALU.vhd:]
WARNING: [filemgmt 56-199] Attempt to get parsing info during refresh. "On-the-fly" syntax checking information may be incorrect. [C:\USAFA\Spring 2026\ECE281\ece281-lab5\src\button_debounce.vhd:]
WARNING: [filemgmt 56-199] Attempt to get parsing info during refresh. "On-the-fly" syntax checking information may be incorrect. [C:\USAFA\Spring 2026\ECE281\ece281-lab5\src\button_debounce.vhd:]
WARNING: [filemgmt 56-199] Attempt to get parsing info during refresh. "On-the-fly" syntax checking information may be incorrect. [C:\USAFA\Spring 2026\ECE281\ece281-lab5\src\button_debounce.vhd:]
WARNING: [filemgmt 56-199] Attempt to get parsing info during refresh. "On-the-fly" syntax checking information may be incorrect. [C:\USAFA\Spring 2026\ECE281\ece281-lab2\src\sevenseg_decoder.vhd:]
WARNING: [filemgmt 56-199] Attempt to get parsing info during refresh. "On-the-fly" syntax checking information may be incorrect. [C:\USAFA\Spring 2026\ECE281\ece281-lab5\src\TDM4.vhd:]
WARNING: [filemgmt 56-199] Attempt to get parsing info during refresh. "On-the-fly" syntax checking information may be incorrect. [C:\USAFA\Spring 2026\ECE281\ece281-lab5\src\twoscomp_decimal.vhd:]
WARNING: [filemgmt 56-199] Attempt to get parsing info during refresh. "On-the-fly" syntax checking information may be incorrect. [C:\USAFA\Spring 2026\ECE281\ece281-lab5\src\controller_fsm.vhd:]
WARNING: [filemgmt 56-199] Attempt to get parsing info during refresh. "On-the-fly" syntax checking information may be incorrect. [C:\USAFA\Spring 2026\ECE281\ece281-lab5\src\clock_divider.vhd:]
WARNING: [filemgmt 56-199] Attempt to get parsing info during refresh. "On-the-fly" syntax checking information may be incorrect. [C:\USAFA\Spring 2026\ECE281\ece281-lab5\src\top_basys3.vhd:]
WARNING: [filemgmt 56-199] Attempt to get parsing info during refresh. "On-the-fly" syntax checking information may be incorrect. [C:\USAFA\Spring 2026\ECE281\ece281-lab5\src\cpa_adder.vhd:]
WARNING: [filemgmt 56-199] Attempt to get parsing info during refresh. "On-the-fly" syntax checking information may be incorrect. [C:\USAFA\Spring 2026\ECE281\ece281-lab5\src\ALU.vhd:]
WARNING: [filemgmt 56-199] Attempt to get parsing info during refresh. "On-the-fly" syntax checking information may be incorrect. [C:\USAFA\Spring 2026\ECE281\ece281-lab2\src\sevenseg_decoder.vhd:]
WARNING: [filemgmt 56-199] Attempt to get parsing info during refresh. "On-the-fly" syntax checking information may be incorrect. [C:\USAFA\Spring 2026\ECE281\ece281-lab2\src\sevenseg_decoder.vhd:]
WARNING: [filemgmt 56-199] Attempt to get parsing info during refresh. "On-the-fly" syntax checking information may be incorrect. [C:\USAFA\Spring 2026\ECE281\ece281-lab5\src\button_debounce.vhd:]
WARNING: [filemgmt 56-199] Attempt to get parsing info during refresh. "On-the-fly" syntax checking information may be incorrect. [C:\USAFA\Spring 2026\ECE281\ece281-lab2\src\sevenseg_decoder.vhd:]
WARNING: [filemgmt 56-199] Attempt to get parsing info during refresh. "On-the-fly" syntax checking information may be incorrect. [C:\USAFA\Spring 2026\ECE281\ece281-lab5\src\TDM4.vhd:]
WARNING: [filemgmt 56-199] Attempt to get parsing info during refresh. "On-the-fly" syntax checking information may be incorrect. [C:\USAFA\Spring 2026\ECE281\ece281-lab5\src\twoscomp_decimal.vhd:]
WARNING: [filemgmt 56-199] Attempt to get parsing info during refresh. "On-the-fly" syntax checking information may be incorrect. [C:\USAFA\Spring 2026\ECE281\ece281-lab5\src\controller_fsm.vhd:]
WARNING: [filemgmt 56-199] Attempt to get parsing info during refresh. "On-the-fly" syntax checking information may be incorrect. [C:\USAFA\Spring 2026\ECE281\ece281-lab5\src\clock_divider.vhd:]
WARNING: [filemgmt 56-199] Attempt to get parsing info during refresh. "On-the-fly" syntax checking information may be incorrect. [C:\USAFA\Spring 2026\ECE281\ece281-lab5\src\top_basys3.vhd:]
WARNING: [filemgmt 56-199] Attempt to get parsing info during refresh. "On-the-fly" syntax checking information may be incorrect. [C:\USAFA\Spring 2026\ECE281\ece281-lab5\src\cpa_adder.vhd:]
WARNING: [filemgmt 56-199] Attempt to get parsing info during refresh. "On-the-fly" syntax checking information may be incorrect. [C:\USAFA\Spring 2026\ECE281\ece281-lab5\src\ALU.vhd:]
WARNING: [filemgmt 56-199] Attempt to get parsing info during refresh. "On-the-fly" syntax checking information may be incorrect. [C:\USAFA\Spring 2026\ECE281\ece281-lab5\src\twoscomp_decimal.vhd:]
WARNING: [filemgmt 56-199] Attempt to get parsing info during refresh. "On-the-fly" syntax checking information may be incorrect. [C:\USAFA\Spring 2026\ECE281\ece281-lab5\src\twoscomp_decimal.vhd:]
ERROR: [Common 17-180] Spawn failed: No error
WARNING: [filemgmt 56-199] Attempt to get parsing info during refresh. "On-the-fly" syntax checking information may be incorrect. [C:\USAFA\Spring 2026\ECE281\ece281-lab5\src\button_debounce.vhd:]
WARNING: [filemgmt 56-199] Attempt to get parsing info during refresh. "On-the-fly" syntax checking information may be incorrect. [C:\USAFA\Spring 2026\ECE281\ece281-lab2\src\sevenseg_decoder.vhd:]
WARNING: [filemgmt 56-199] Attempt to get parsing info during refresh. "On-the-fly" syntax checking information may be incorrect. [C:\USAFA\Spring 2026\ECE281\ece281-lab5\src\TDM4.vhd:]
WARNING: [filemgmt 56-199] Attempt to get parsing info during refresh. "On-the-fly" syntax checking information may be incorrect. [C:\USAFA\Spring 2026\ECE281\ece281-lab5\src\twoscomp_decimal.vhd:]
WARNING: [filemgmt 56-199] Attempt to get parsing info during refresh. "On-the-fly" syntax checking information may be incorrect. [C:\USAFA\Spring 2026\ECE281\ece281-lab5\src\controller_fsm.vhd:]
WARNING: [filemgmt 56-199] Attempt to get parsing info during refresh. "On-the-fly" syntax checking information may be incorrect. [C:\USAFA\Spring 2026\ECE281\ece281-lab5\src\clock_divider.vhd:]
WARNING: [filemgmt 56-199] Attempt to get parsing info during refresh. "On-the-fly" syntax checking information may be incorrect. [C:\USAFA\Spring 2026\ECE281\ece281-lab5\src\top_basys3.vhd:]
WARNING: [filemgmt 56-199] Attempt to get parsing info during refresh. "On-the-fly" syntax checking information may be incorrect. [C:\USAFA\Spring 2026\ECE281\ece281-lab5\src\cpa_adder.vhd:]
WARNING: [filemgmt 56-199] Attempt to get parsing info during refresh. "On-the-fly" syntax checking information may be incorrect. [C:\USAFA\Spring 2026\ECE281\ece281-lab5\src\ALU.vhd:]
WARNING: [filemgmt 56-199] Attempt to get parsing info during refresh. "On-the-fly" syntax checking information may be incorrect. [C:\USAFA\Spring 2026\ECE281\ece281-lab5\src\top_basys3.vhd:]
WARNING: [filemgmt 56-199] Attempt to get parsing info during refresh. "On-the-fly" syntax checking information may be incorrect. [C:\USAFA\Spring 2026\ECE281\ece281-lab5\src\top_basys3.vhd:]
ERROR: [Common 17-180] Spawn failed: No error
WARNING: [filemgmt 56-199] Attempt to get parsing info during refresh. "On-the-fly" syntax checking information may be incorrect. [C:\USAFA\Spring 2026\ECE281\ece281-lab5\src\button_debounce.vhd:]
WARNING: [filemgmt 56-199] Attempt to get parsing info during refresh. "On-the-fly" syntax checking information may be incorrect. [C:\USAFA\Spring 2026\ECE281\ece281-lab2\src\sevenseg_decoder.vhd:]
WARNING: [filemgmt 56-199] Attempt to get parsing info during refresh. "On-the-fly" syntax checking information may be incorrect. [C:\USAFA\Spring 2026\ECE281\ece281-lab5\src\TDM4.vhd:]
WARNING: [filemgmt 56-199] Attempt to get parsing info during refresh. "On-the-fly" syntax checking information may be incorrect. [C:\USAFA\Spring 2026\ECE281\ece281-lab5\src\twoscomp_decimal.vhd:]
WARNING: [filemgmt 56-199] Attempt to get parsing info during refresh. "On-the-fly" syntax checking information may be incorrect. [C:\USAFA\Spring 2026\ECE281\ece281-lab5\src\controller_fsm.vhd:]
WARNING: [filemgmt 56-199] Attempt to get parsing info during refresh. "On-the-fly" syntax checking information may be incorrect. [C:\USAFA\Spring 2026\ECE281\ece281-lab5\src\clock_divider.vhd:]
WARNING: [filemgmt 56-199] Attempt to get parsing info during refresh. "On-the-fly" syntax checking information may be incorrect. [C:\USAFA\Spring 2026\ECE281\ece281-lab5\src\top_basys3.vhd:]
WARNING: [filemgmt 56-199] Attempt to get parsing info during refresh. "On-the-fly" syntax checking information may be incorrect. [C:\USAFA\Spring 2026\ECE281\ece281-lab5\src\cpa_adder.vhd:]
WARNING: [filemgmt 56-199] Attempt to get parsing info during refresh. "On-the-fly" syntax checking information may be incorrect. [C:\USAFA\Spring 2026\ECE281\ece281-lab5\src\ALU.vhd:]
WARNING: [filemgmt 56-199] Attempt to get parsing info during refresh. "On-the-fly" syntax checking information may be incorrect. [C:\USAFA\Spring 2026\ECE281\ece281-lab5\src\controller_fsm.vhd:]
WARNING: [filemgmt 56-199] Attempt to get parsing info during refresh. "On-the-fly" syntax checking information may be incorrect. [C:\USAFA\Spring 2026\ECE281\ece281-lab5\src\controller_fsm.vhd:]
WARNING: [filemgmt 56-199] Attempt to get parsing info during refresh. "On-the-fly" syntax checking information may be incorrect. [C:\USAFA\Spring 2026\ECE281\ece281-lab5\src\button_debounce.vhd:]
INFO: [Common 17-14] Message 'filemgmt 56-199' appears 100 times and further instances of the messages will be disabled. Use the Tcl command set_msg_config to change the current settings.
ERROR: [Common 17-180] Spawn failed: No error
ERROR: [Common 17-180] Spawn failed: No error
ERROR: [Common 17-180] Spawn failed: No error
update_compile_order -fileset sources_1
WARNING: [filemgmt 56-199] Attempt to get parsing info during refresh. "On-the-fly" syntax checking information may be incorrect. [C:\USAFA\Spring 2026\ECE281\ece281-lab5\src\button_debounce.vhd:]
WARNING: [filemgmt 56-199] Attempt to get parsing info during refresh. "On-the-fly" syntax checking information may be incorrect. [C:\USAFA\Spring 2026\ECE281\ece281-lab2\src\sevenseg_decoder.vhd:]
WARNING: [filemgmt 56-199] Attempt to get parsing info during refresh. "On-the-fly" syntax checking information may be incorrect. [C:\USAFA\Spring 2026\ECE281\ece281-lab5\src\TDM4.vhd:]
WARNING: [filemgmt 56-199] Attempt to get parsing info during refresh. "On-the-fly" syntax checking information may be incorrect. [C:\USAFA\Spring 2026\ECE281\ece281-lab5\src\twoscomp_decimal.vhd:]
WARNING: [filemgmt 56-199] Attempt to get parsing info during refresh. "On-the-fly" syntax checking information may be incorrect. [C:\USAFA\Spring 2026\ECE281\ece281-lab5\src\controller_fsm.vhd:]
WARNING: [filemgmt 56-199] Attempt to get parsing info during refresh. "On-the-fly" syntax checking information may be incorrect. [C:\USAFA\Spring 2026\ECE281\ece281-lab5\src\clock_divider.vhd:]
WARNING: [filemgmt 56-199] Attempt to get parsing info during refresh. "On-the-fly" syntax checking information may be incorrect. [C:\USAFA\Spring 2026\ECE281\ece281-lab5\src\top_basys3.vhd:]
WARNING: [filemgmt 56-199] Attempt to get parsing info during refresh. "On-the-fly" syntax checking information may be incorrect. [C:\USAFA\Spring 2026\ECE281\ece281-lab5\src\cpa_adder.vhd:]
WARNING: [filemgmt 56-199] Attempt to get parsing info during refresh. "On-the-fly" syntax checking information may be incorrect. [C:\USAFA\Spring 2026\ECE281\ece281-lab5\src\ALU.vhd:]
WARNING: [filemgmt 56-199] Attempt to get parsing info during refresh. "On-the-fly" syntax checking information may be incorrect. [C:\USAFA\Spring 2026\ECE281\ece281-lab5\src\controller_fsm.vhd:]
WARNING: [filemgmt 56-199] Attempt to get parsing info during refresh. "On-the-fly" syntax checking information may be incorrect. [C:\USAFA\Spring 2026\ECE281\ece281-lab5\src\controller_fsm.vhd:]
WARNING: [filemgmt 56-199] Attempt to get parsing info during refresh. "On-the-fly" syntax checking information may be incorrect. [C:\USAFA\Spring 2026\ECE281\ece281-lab5\src\button_debounce.vhd:]
WARNING: [filemgmt 56-199] Attempt to get parsing info during refresh. "On-the-fly" syntax checking information may be incorrect. [C:\USAFA\Spring 2026\ECE281\ece281-lab2\src\sevenseg_decoder.vhd:]
WARNING: [filemgmt 56-199] Attempt to get parsing info during refresh. "On-the-fly" syntax checking information may be incorrect. [C:\USAFA\Spring 2026\ECE281\ece281-lab5\src\TDM4.vhd:]
WARNING: [filemgmt 56-199] Attempt to get parsing info during refresh. "On-the-fly" syntax checking information may be incorrect. [C:\USAFA\Spring 2026\ECE281\ece281-lab5\src\twoscomp_decimal.vhd:]
WARNING: [filemgmt 56-199] Attempt to get parsing info during refresh. "On-the-fly" syntax checking information may be incorrect. [C:\USAFA\Spring 2026\ECE281\ece281-lab5\src\controller_fsm.vhd:]
WARNING: [filemgmt 56-199] Attempt to get parsing info during refresh. "On-the-fly" syntax checking information may be incorrect. [C:\USAFA\Spring 2026\ECE281\ece281-lab5\src\clock_divider.vhd:]
WARNING: [filemgmt 56-199] Attempt to get parsing info during refresh. "On-the-fly" syntax checking information may be incorrect. [C:\USAFA\Spring 2026\ECE281\ece281-lab5\src\top_basys3.vhd:]
WARNING: [filemgmt 56-199] Attempt to get parsing info during refresh. "On-the-fly" syntax checking information may be incorrect. [C:\USAFA\Spring 2026\ECE281\ece281-lab5\src\cpa_adder.vhd:]
WARNING: [filemgmt 56-199] Attempt to get parsing info during refresh. "On-the-fly" syntax checking information may be incorrect. [C:\USAFA\Spring 2026\ECE281\ece281-lab5\src\ALU.vhd:]
WARNING: [filemgmt 56-199] Attempt to get parsing info during refresh. "On-the-fly" syntax checking information may be incorrect. [C:\USAFA\Spring 2026\ECE281\ece281-lab5\src\TDM4.vhd:]
WARNING: [filemgmt 56-199] Attempt to get parsing info during refresh. "On-the-fly" syntax checking information may be incorrect. [C:\USAFA\Spring 2026\ECE281\ece281-lab5\src\TDM4.vhd:]
WARNING: [filemgmt 56-199] Attempt to get parsing info during refresh. "On-the-fly" syntax checking information may be incorrect. [C:\USAFA\Spring 2026\ECE281\ece281-lab5\src\button_debounce.vhd:]
WARNING: [filemgmt 56-199] Attempt to get parsing info during refresh. "On-the-fly" syntax checking information may be incorrect. [C:\USAFA\Spring 2026\ECE281\ece281-lab2\src\sevenseg_decoder.vhd:]
WARNING: [filemgmt 56-199] Attempt to get parsing info during refresh. "On-the-fly" syntax checking information may be incorrect. [C:\USAFA\Spring 2026\ECE281\ece281-lab5\src\TDM4.vhd:]
WARNING: [filemgmt 56-199] Attempt to get parsing info during refresh. "On-the-fly" syntax checking information may be incorrect. [C:\USAFA\Spring 2026\ECE281\ece281-lab5\src\twoscomp_decimal.vhd:]
WARNING: [filemgmt 56-199] Attempt to get parsing info during refresh. "On-the-fly" syntax checking information may be incorrect. [C:\USAFA\Spring 2026\ECE281\ece281-lab5\src\controller_fsm.vhd:]
WARNING: [filemgmt 56-199] Attempt to get parsing info during refresh. "On-the-fly" syntax checking information may be incorrect. [C:\USAFA\Spring 2026\ECE281\ece281-lab5\src\clock_divider.vhd:]
WARNING: [filemgmt 56-199] Attempt to get parsing info during refresh. "On-the-fly" syntax checking information may be incorrect. [C:\USAFA\Spring 2026\ECE281\ece281-lab5\src\top_basys3.vhd:]
WARNING: [filemgmt 56-199] Attempt to get parsing info during refresh. "On-the-fly" syntax checking information may be incorrect. [C:\USAFA\Spring 2026\ECE281\ece281-lab5\src\cpa_adder.vhd:]
WARNING: [filemgmt 56-199] Attempt to get parsing info during refresh. "On-the-fly" syntax checking information may be incorrect. [C:\USAFA\Spring 2026\ECE281\ece281-lab5\src\ALU.vhd:]
WARNING: [filemgmt 56-199] Attempt to get parsing info during refresh. "On-the-fly" syntax checking information may be incorrect. [C:\USAFA\Spring 2026\ECE281\ece281-lab5\src\twoscomp_decimal.vhd:]
WARNING: [filemgmt 56-199] Attempt to get parsing info during refresh. "On-the-fly" syntax checking information may be incorrect. [C:\USAFA\Spring 2026\ECE281\ece281-lab5\src\twoscomp_decimal.vhd:]
WARNING: [filemgmt 56-199] Attempt to get parsing info during refresh. "On-the-fly" syntax checking information may be incorrect. [C:\USAFA\Spring 2026\ECE281\ece281-lab5\src\button_debounce.vhd:]
WARNING: [filemgmt 56-199] Attempt to get parsing info during refresh. "On-the-fly" syntax checking information may be incorrect. [C:\USAFA\Spring 2026\ECE281\ece281-lab2\src\sevenseg_decoder.vhd:]
WARNING: [filemgmt 56-199] Attempt to get parsing info during refresh. "On-the-fly" syntax checking information may be incorrect. [C:\USAFA\Spring 2026\ECE281\ece281-lab5\src\TDM4.vhd:]
WARNING: [filemgmt 56-199] Attempt to get parsing info during refresh. "On-the-fly" syntax checking information may be incorrect. [C:\USAFA\Spring 2026\ECE281\ece281-lab5\src\twoscomp_decimal.vhd:]
WARNING: [filemgmt 56-199] Attempt to get parsing info during refresh. "On-the-fly" syntax checking information may be incorrect. [C:\USAFA\Spring 2026\ECE281\ece281-lab5\src\controller_fsm.vhd:]
WARNING: [filemgmt 56-199] Attempt to get parsing info during refresh. "On-the-fly" syntax checking information may be incorrect. [C:\USAFA\Spring 2026\ECE281\ece281-lab5\src\clock_divider.vhd:]
WARNING: [filemgmt 56-199] Attempt to get parsing info during refresh. "On-the-fly" syntax checking information may be incorrect. [C:\USAFA\Spring 2026\ECE281\ece281-lab5\src\top_basys3.vhd:]
WARNING: [filemgmt 56-199] Attempt to get parsing info during refresh. "On-the-fly" syntax checking information may be incorrect. [C:\USAFA\Spring 2026\ECE281\ece281-lab5\src\cpa_adder.vhd:]
WARNING: [filemgmt 56-199] Attempt to get parsing info during refresh. "On-the-fly" syntax checking information may be incorrect. [C:\USAFA\Spring 2026\ECE281\ece281-lab5\src\ALU.vhd:]
WARNING: [filemgmt 56-199] Attempt to get parsing info during refresh. "On-the-fly" syntax checking information may be incorrect. [C:\USAFA\Spring 2026\ECE281\ece281-lab5\src\top_basys3.vhd:]
WARNING: [filemgmt 56-199] Attempt to get parsing info during refresh. "On-the-fly" syntax checking information may be incorrect. [C:\USAFA\Spring 2026\ECE281\ece281-lab5\src\top_basys3.vhd:]
WARNING: [filemgmt 56-199] Attempt to get parsing info during refresh. "On-the-fly" syntax checking information may be incorrect. [C:\USAFA\Spring 2026\ECE281\ece281-lab5\src\button_debounce.vhd:]
WARNING: [filemgmt 56-199] Attempt to get parsing info during refresh. "On-the-fly" syntax checking information may be incorrect. [C:\USAFA\Spring 2026\ECE281\ece281-lab2\src\sevenseg_decoder.vhd:]
WARNING: [filemgmt 56-199] Attempt to get parsing info during refresh. "On-the-fly" syntax checking information may be incorrect. [C:\USAFA\Spring 2026\ECE281\ece281-lab5\src\TDM4.vhd:]
WARNING: [filemgmt 56-199] Attempt to get parsing info during refresh. "On-the-fly" syntax checking information may be incorrect. [C:\USAFA\Spring 2026\ECE281\ece281-lab5\src\twoscomp_decimal.vhd:]
WARNING: [filemgmt 56-199] Attempt to get parsing info during refresh. "On-the-fly" syntax checking information may be incorrect. [C:\USAFA\Spring 2026\ECE281\ece281-lab5\src\controller_fsm.vhd:]
WARNING: [filemgmt 56-199] Attempt to get parsing info during refresh. "On-the-fly" syntax checking information may be incorrect. [C:\USAFA\Spring 2026\ECE281\ece281-lab5\src\clock_divider.vhd:]
WARNING: [filemgmt 56-199] Attempt to get parsing info during refresh. "On-the-fly" syntax checking information may be incorrect. [C:\USAFA\Spring 2026\ECE281\ece281-lab5\src\top_basys3.vhd:]
WARNING: [filemgmt 56-199] Attempt to get parsing info during refresh. "On-the-fly" syntax checking information may be incorrect. [C:\USAFA\Spring 2026\ECE281\ece281-lab5\src\cpa_adder.vhd:]
WARNING: [filemgmt 56-199] Attempt to get parsing info during refresh. "On-the-fly" syntax checking information may be incorrect. [C:\USAFA\Spring 2026\ECE281\ece281-lab5\src\ALU.vhd:]
WARNING: [filemgmt 56-199] Attempt to get parsing info during refresh. "On-the-fly" syntax checking information may be incorrect. [C:\USAFA\Spring 2026\ECE281\ece281-lab5\src\ALU.vhd:]
WARNING: [filemgmt 56-199] Attempt to get parsing info during refresh. "On-the-fly" syntax checking information may be incorrect. [C:\USAFA\Spring 2026\ECE281\ece281-lab5\src\ALU.vhd:]
WARNING: [filemgmt 56-199] Attempt to get parsing info during refresh. "On-the-fly" syntax checking information may be incorrect. [C:\USAFA\Spring 2026\ECE281\ece281-lab5\src\button_debounce.vhd:]
WARNING: [filemgmt 56-199] Attempt to get parsing info during refresh. "On-the-fly" syntax checking information may be incorrect. [C:\USAFA\Spring 2026\ECE281\ece281-lab2\src\sevenseg_decoder.vhd:]
WARNING: [filemgmt 56-199] Attempt to get parsing info during refresh. "On-the-fly" syntax checking information may be incorrect. [C:\USAFA\Spring 2026\ECE281\ece281-lab5\src\TDM4.vhd:]
WARNING: [filemgmt 56-199] Attempt to get parsing info during refresh. "On-the-fly" syntax checking information may be incorrect. [C:\USAFA\Spring 2026\ECE281\ece281-lab5\src\twoscomp_decimal.vhd:]
WARNING: [filemgmt 56-199] Attempt to get parsing info during refresh. "On-the-fly" syntax checking information may be incorrect. [C:\USAFA\Spring 2026\ECE281\ece281-lab5\src\controller_fsm.vhd:]
WARNING: [filemgmt 56-199] Attempt to get parsing info during refresh. "On-the-fly" syntax checking information may be incorrect. [C:\USAFA\Spring 2026\ECE281\ece281-lab5\src\clock_divider.vhd:]
WARNING: [filemgmt 56-199] Attempt to get parsing info during refresh. "On-the-fly" syntax checking information may be incorrect. [C:\USAFA\Spring 2026\ECE281\ece281-lab5\src\top_basys3.vhd:]
WARNING: [filemgmt 56-199] Attempt to get parsing info during refresh. "On-the-fly" syntax checking information may be incorrect. [C:\USAFA\Spring 2026\ECE281\ece281-lab5\src\cpa_adder.vhd:]
WARNING: [filemgmt 56-199] Attempt to get parsing info during refresh. "On-the-fly" syntax checking information may be incorrect. [C:\USAFA\Spring 2026\ECE281\ece281-lab5\src\ALU.vhd:]
WARNING: [filemgmt 56-199] Attempt to get parsing info during refresh. "On-the-fly" syntax checking information may be incorrect. [C:\USAFA\Spring 2026\ECE281\ece281-lab5\src\cpa_adder.vhd:]
WARNING: [filemgmt 56-199] Attempt to get parsing info during refresh. "On-the-fly" syntax checking information may be incorrect. [C:\USAFA\Spring 2026\ECE281\ece281-lab5\src\cpa_adder.vhd:]
ERROR: [Common 17-180] Spawn failed: No error
ERROR: [Common 17-180] Spawn failed: No error
WARNING: [filemgmt 56-199] Attempt to get parsing info during refresh. "On-the-fly" syntax checking information may be incorrect. [C:\USAFA\Spring 2026\ECE281\ece281-lab5\src\button_debounce.vhd:]
WARNING: [filemgmt 56-199] Attempt to get parsing info during refresh. "On-the-fly" syntax checking information may be incorrect. [C:\USAFA\Spring 2026\ECE281\ece281-lab2\src\sevenseg_decoder.vhd:]
WARNING: [filemgmt 56-199] Attempt to get parsing info during refresh. "On-the-fly" syntax checking information may be incorrect. [C:\USAFA\Spring 2026\ECE281\ece281-lab5\src\TDM4.vhd:]
WARNING: [filemgmt 56-199] Attempt to get parsing info during refresh. "On-the-fly" syntax checking information may be incorrect. [C:\USAFA\Spring 2026\ECE281\ece281-lab5\src\twoscomp_decimal.vhd:]
WARNING: [filemgmt 56-199] Attempt to get parsing info during refresh. "On-the-fly" syntax checking information may be incorrect. [C:\USAFA\Spring 2026\ECE281\ece281-lab5\src\controller_fsm.vhd:]
WARNING: [filemgmt 56-199] Attempt to get parsing info during refresh. "On-the-fly" syntax checking information may be incorrect. [C:\USAFA\Spring 2026\ECE281\ece281-lab5\src\clock_divider.vhd:]
WARNING: [filemgmt 56-199] Attempt to get parsing info during refresh. "On-the-fly" syntax checking information may be incorrect. [C:\USAFA\Spring 2026\ECE281\ece281-lab5\src\top_basys3.vhd:]
WARNING: [filemgmt 56-199] Attempt to get parsing info during refresh. "On-the-fly" syntax checking information may be incorrect. [C:\USAFA\Spring 2026\ECE281\ece281-lab5\src\cpa_adder.vhd:]
WARNING: [filemgmt 56-199] Attempt to get parsing info during refresh. "On-the-fly" syntax checking information may be incorrect. [C:\USAFA\Spring 2026\ECE281\ece281-lab5\src\ALU.vhd:]
WARNING: [filemgmt 56-199] Attempt to get parsing info during refresh. "On-the-fly" syntax checking information may be incorrect. [C:\USAFA\Spring 2026\ECE281\ece281-lab5\src\clock_divider.vhd:]
WARNING: [filemgmt 56-199] Attempt to get parsing info during refresh. "On-the-fly" syntax checking information may be incorrect. [C:\USAFA\Spring 2026\ECE281\ece281-lab5\src\clock_divider.vhd:]
WARNING: [filemgmt 56-199] Attempt to get parsing info during refresh. "On-the-fly" syntax checking information may be incorrect. [C:\USAFA\Spring 2026\ECE281\ece281-lab5\src\button_debounce.vhd:]
WARNING: [filemgmt 56-199] Attempt to get parsing info during refresh. "On-the-fly" syntax checking information may be incorrect. [C:\USAFA\Spring 2026\ECE281\ece281-lab2\src\sevenseg_decoder.vhd:]
WARNING: [filemgmt 56-199] Attempt to get parsing info during refresh. "On-the-fly" syntax checking information may be incorrect. [C:\USAFA\Spring 2026\ECE281\ece281-lab5\src\TDM4.vhd:]
WARNING: [filemgmt 56-199] Attempt to get parsing info during refresh. "On-the-fly" syntax checking information may be incorrect. [C:\USAFA\Spring 2026\ECE281\ece281-lab5\src\twoscomp_decimal.vhd:]
WARNING: [filemgmt 56-199] Attempt to get parsing info during refresh. "On-the-fly" syntax checking information may be incorrect. [C:\USAFA\Spring 2026\ECE281\ece281-lab5\src\controller_fsm.vhd:]
WARNING: [filemgmt 56-199] Attempt to get parsing info during refresh. "On-the-fly" syntax checking information may be incorrect. [C:\USAFA\Spring 2026\ECE281\ece281-lab5\src\clock_divider.vhd:]
WARNING: [filemgmt 56-199] Attempt to get parsing info during refresh. "On-the-fly" syntax checking information may be incorrect. [C:\USAFA\Spring 2026\ECE281\ece281-lab5\src\top_basys3.vhd:]
WARNING: [filemgmt 56-199] Attempt to get parsing info during refresh. "On-the-fly" syntax checking information may be incorrect. [C:\USAFA\Spring 2026\ECE281\ece281-lab5\src\cpa_adder.vhd:]
WARNING: [filemgmt 56-199] Attempt to get parsing info during refresh. "On-the-fly" syntax checking information may be incorrect. [C:\USAFA\Spring 2026\ECE281\ece281-lab5\src\ALU.vhd:]
WARNING: [filemgmt 56-199] Attempt to get parsing info during refresh. "On-the-fly" syntax checking information may be incorrect. [C:\USAFA\Spring 2026\ECE281\ece281-lab5\src\button_debounce.vhd:]
WARNING: [filemgmt 56-199] Attempt to get parsing info during refresh. "On-the-fly" syntax checking information may be incorrect. [C:\USAFA\Spring 2026\ECE281\ece281-lab5\src\button_debounce.vhd:]
ERROR: [Common 17-180] Spawn failed: No error
WARNING: [filemgmt 56-199] Attempt to get parsing info during refresh. "On-the-fly" syntax checking information may be incorrect. [C:\USAFA\Spring 2026\ECE281\ece281-lab5\src\button_debounce.vhd:]
WARNING: [filemgmt 56-199] Attempt to get parsing info during refresh. "On-the-fly" syntax checking information may be incorrect. [C:\USAFA\Spring 2026\ECE281\ece281-lab2\src\sevenseg_decoder.vhd:]
WARNING: [filemgmt 56-199] Attempt to get parsing info during refresh. "On-the-fly" syntax checking information may be incorrect. [C:\USAFA\Spring 2026\ECE281\ece281-lab5\src\TDM4.vhd:]
WARNING: [filemgmt 56-199] Attempt to get parsing info during refresh. "On-the-fly" syntax checking information may be incorrect. [C:\USAFA\Spring 2026\ECE281\ece281-lab5\src\twoscomp_decimal.vhd:]
WARNING: [filemgmt 56-199] Attempt to get parsing info during refresh. "On-the-fly" syntax checking information may be incorrect. [C:\USAFA\Spring 2026\ECE281\ece281-lab5\src\controller_fsm.vhd:]
WARNING: [filemgmt 56-199] Attempt to get parsing info during refresh. "On-the-fly" syntax checking information may be incorrect. [C:\USAFA\Spring 2026\ECE281\ece281-lab5\src\clock_divider.vhd:]
WARNING: [filemgmt 56-199] Attempt to get parsing info during refresh. "On-the-fly" syntax checking information may be incorrect. [C:\USAFA\Spring 2026\ECE281\ece281-lab5\src\top_basys3.vhd:]
WARNING: [filemgmt 56-199] Attempt to get parsing info during refresh. "On-the-fly" syntax checking information may be incorrect. [C:\USAFA\Spring 2026\ECE281\ece281-lab5\src\cpa_adder.vhd:]
WARNING: [filemgmt 56-199] Attempt to get parsing info during refresh. "On-the-fly" syntax checking information may be incorrect. [C:\USAFA\Spring 2026\ECE281\ece281-lab5\src\ALU.vhd:]
WARNING: [filemgmt 56-199] Attempt to get parsing info during refresh. "On-the-fly" syntax checking information may be incorrect. [C:\USAFA\Spring 2026\ECE281\ece281-lab5\src\register.vhd:]
WARNING: [filemgmt 56-199] Attempt to get parsing info during refresh. "On-the-fly" syntax checking information may be incorrect. [C:\USAFA\Spring 2026\ECE281\ece281-lab5\src\controller_fsm.vhd:]
WARNING: [filemgmt 56-199] Attempt to get parsing info during refresh. "On-the-fly" syntax checking information may be incorrect. [C:\USAFA\Spring 2026\ECE281\ece281-lab5\src\controller_fsm.vhd:]
WARNING: [filemgmt 56-199] Attempt to get parsing info during refresh. "On-the-fly" syntax checking information may be incorrect. [C:\USAFA\Spring 2026\ECE281\ece281-lab5\src\button_debounce.vhd:]
WARNING: [filemgmt 56-199] Attempt to get parsing info during refresh. "On-the-fly" syntax checking information may be incorrect. [C:\USAFA\Spring 2026\ECE281\ece281-lab2\src\sevenseg_decoder.vhd:]
WARNING: [filemgmt 56-199] Attempt to get parsing info during refresh. "On-the-fly" syntax checking information may be incorrect. [C:\USAFA\Spring 2026\ECE281\ece281-lab5\src\TDM4.vhd:]
WARNING: [filemgmt 56-199] Attempt to get parsing info during refresh. "On-the-fly" syntax checking information may be incorrect. [C:\USAFA\Spring 2026\ECE281\ece281-lab5\src\twoscomp_decimal.vhd:]
WARNING: [filemgmt 56-199] Attempt to get parsing info during refresh. "On-the-fly" syntax checking information may be incorrect. [C:\USAFA\Spring 2026\ECE281\ece281-lab5\src\controller_fsm.vhd:]
WARNING: [filemgmt 56-199] Attempt to get parsing info during refresh. "On-the-fly" syntax checking information may be incorrect. [C:\USAFA\Spring 2026\ECE281\ece281-lab5\src\clock_divider.vhd:]
WARNING: [filemgmt 56-199] Attempt to get parsing info during refresh. "On-the-fly" syntax checking information may be incorrect. [C:\USAFA\Spring 2026\ECE281\ece281-lab5\src\top_basys3.vhd:]
WARNING: [filemgmt 56-199] Attempt to get parsing info during refresh. "On-the-fly" syntax checking information may be incorrect. [C:\USAFA\Spring 2026\ECE281\ece281-lab5\src\cpa_adder.vhd:]
WARNING: [filemgmt 56-199] Attempt to get parsing info during refresh. "On-the-fly" syntax checking information may be incorrect. [C:\USAFA\Spring 2026\ECE281\ece281-lab5\src\ALU.vhd:]
WARNING: [filemgmt 56-199] Attempt to get parsing info during refresh. "On-the-fly" syntax checking information may be incorrect. [C:\USAFA\Spring 2026\ECE281\ece281-lab5\src\register.vhd:]
WARNING: [filemgmt 56-199] Attempt to get parsing info during refresh. "On-the-fly" syntax checking information may be incorrect. [C:\USAFA\Spring 2026\ECE281\ece281-lab5\src\TDM4.vhd:]
WARNING: [filemgmt 56-199] Attempt to get parsing info during refresh. "On-the-fly" syntax checking information may be incorrect. [C:\USAFA\Spring 2026\ECE281\ece281-lab5\src\TDM4.vhd:]
WARNING: [filemgmt 56-199] Attempt to get parsing info during refresh. "On-the-fly" syntax checking information may be incorrect. [C:\USAFA\Spring 2026\ECE281\ece281-lab5\src\button_debounce.vhd:]
WARNING: [filemgmt 56-199] Attempt to get parsing info during refresh. "On-the-fly" syntax checking information may be incorrect. [C:\USAFA\Spring 2026\ECE281\ece281-lab2\src\sevenseg_decoder.vhd:]
WARNING: [filemgmt 56-199] Attempt to get parsing info during refresh. "On-the-fly" syntax checking information may be incorrect. [C:\USAFA\Spring 2026\ECE281\ece281-lab5\src\TDM4.vhd:]
WARNING: [filemgmt 56-199] Attempt to get parsing info during refresh. "On-the-fly" syntax checking information may be incorrect. [C:\USAFA\Spring 2026\ECE281\ece281-lab5\src\twoscomp_decimal.vhd:]
WARNING: [filemgmt 56-199] Attempt to get parsing info during refresh. "On-the-fly" syntax checking information may be incorrect. [C:\USAFA\Spring 2026\ECE281\ece281-lab5\src\controller_fsm.vhd:]
WARNING: [filemgmt 56-199] Attempt to get parsing info during refresh. "On-the-fly" syntax checking information may be incorrect. [C:\USAFA\Spring 2026\ECE281\ece281-lab5\src\clock_divider.vhd:]
WARNING: [filemgmt 56-199] Attempt to get parsing info during refresh. "On-the-fly" syntax checking information may be incorrect. [C:\USAFA\Spring 2026\ECE281\ece281-lab5\src\top_basys3.vhd:]
WARNING: [filemgmt 56-199] Attempt to get parsing info during refresh. "On-the-fly" syntax checking information may be incorrect. [C:\USAFA\Spring 2026\ECE281\ece281-lab5\src\cpa_adder.vhd:]
WARNING: [filemgmt 56-199] Attempt to get parsing info during refresh. "On-the-fly" syntax checking information may be incorrect. [C:\USAFA\Spring 2026\ECE281\ece281-lab5\src\ALU.vhd:]
WARNING: [filemgmt 56-199] Attempt to get parsing info during refresh. "On-the-fly" syntax checking information may be incorrect. [C:\USAFA\Spring 2026\ECE281\ece281-lab5\src\register.vhd:]
WARNING: [filemgmt 56-199] Attempt to get parsing info during refresh. "On-the-fly" syntax checking information may be incorrect. [C:\USAFA\Spring 2026\ECE281\ece281-lab5\src\twoscomp_decimal.vhd:]
WARNING: [filemgmt 56-199] Attempt to get parsing info during refresh. "On-the-fly" syntax checking information may be incorrect. [C:\USAFA\Spring 2026\ECE281\ece281-lab5\src\twoscomp_decimal.vhd:]
WARNING: [filemgmt 56-199] Attempt to get parsing info during refresh. "On-the-fly" syntax checking information may be incorrect. [C:\USAFA\Spring 2026\ECE281\ece281-lab5\src\button_debounce.vhd:]
WARNING: [filemgmt 56-199] Attempt to get parsing info during refresh. "On-the-fly" syntax checking information may be incorrect. [C:\USAFA\Spring 2026\ECE281\ece281-lab2\src\sevenseg_decoder.vhd:]
WARNING: [filemgmt 56-199] Attempt to get parsing info during refresh. "On-the-fly" syntax checking information may be incorrect. [C:\USAFA\Spring 2026\ECE281\ece281-lab5\src\TDM4.vhd:]
WARNING: [filemgmt 56-199] Attempt to get parsing info during refresh. "On-the-fly" syntax checking information may be incorrect. [C:\USAFA\Spring 2026\ECE281\ece281-lab5\src\twoscomp_decimal.vhd:]
WARNING: [filemgmt 56-199] Attempt to get parsing info during refresh. "On-the-fly" syntax checking information may be incorrect. [C:\USAFA\Spring 2026\ECE281\ece281-lab5\src\controller_fsm.vhd:]
WARNING: [filemgmt 56-199] Attempt to get parsing info during refresh. "On-the-fly" syntax checking information may be incorrect. [C:\USAFA\Spring 2026\ECE281\ece281-lab5\src\clock_divider.vhd:]
WARNING: [filemgmt 56-199] Attempt to get parsing info during refresh. "On-the-fly" syntax checking information may be incorrect. [C:\USAFA\Spring 2026\ECE281\ece281-lab5\src\top_basys3.vhd:]
WARNING: [filemgmt 56-199] Attempt to get parsing info during refresh. "On-the-fly" syntax checking information may be incorrect. [C:\USAFA\Spring 2026\ECE281\ece281-lab5\src\cpa_adder.vhd:]
WARNING: [filemgmt 56-199] Attempt to get parsing info during refresh. "On-the-fly" syntax checking information may be incorrect. [C:\USAFA\Spring 2026\ECE281\ece281-lab5\src\ALU.vhd:]
WARNING: [filemgmt 56-199] Attempt to get parsing info during refresh. "On-the-fly" syntax checking information may be incorrect. [C:\USAFA\Spring 2026\ECE281\ece281-lab5\src\register.vhd:]
WARNING: [filemgmt 56-199] Attempt to get parsing info during refresh. "On-the-fly" syntax checking information may be incorrect. [C:\USAFA\Spring 2026\ECE281\ece281-lab5\src\top_basys3.vhd:]
WARNING: [filemgmt 56-199] Attempt to get parsing info during refresh. "On-the-fly" syntax checking information may be incorrect. [C:\USAFA\Spring 2026\ECE281\ece281-lab5\src\top_basys3.vhd:]
WARNING: [filemgmt 56-199] Attempt to get parsing info during refresh. "On-the-fly" syntax checking information may be incorrect. [C:\USAFA\Spring 2026\ECE281\ece281-lab5\src\button_debounce.vhd:]
WARNING: [filemgmt 56-199] Attempt to get parsing info during refresh. "On-the-fly" syntax checking information may be incorrect. [C:\USAFA\Spring 2026\ECE281\ece281-lab2\src\sevenseg_decoder.vhd:]
WARNING: [filemgmt 56-199] Attempt to get parsing info during refresh. "On-the-fly" syntax checking information may be incorrect. [C:\USAFA\Spring 2026\ECE281\ece281-lab5\src\TDM4.vhd:]
WARNING: [filemgmt 56-199] Attempt to get parsing info during refresh. "On-the-fly" syntax checking information may be incorrect. [C:\USAFA\Spring 2026\ECE281\ece281-lab5\src\twoscomp_decimal.vhd:]
WARNING: [filemgmt 56-199] Attempt to get parsing info during refresh. "On-the-fly" syntax checking information may be incorrect. [C:\USAFA\Spring 2026\ECE281\ece281-lab5\src\controller_fsm.vhd:]
WARNING: [filemgmt 56-199] Attempt to get parsing info during refresh. "On-the-fly" syntax checking information may be incorrect. [C:\USAFA\Spring 2026\ECE281\ece281-lab5\src\clock_divider.vhd:]
WARNING: [filemgmt 56-199] Attempt to get parsing info during refresh. "On-the-fly" syntax checking information may be incorrect. [C:\USAFA\Spring 2026\ECE281\ece281-lab5\src\top_basys3.vhd:]
WARNING: [filemgmt 56-199] Attempt to get parsing info during refresh. "On-the-fly" syntax checking information may be incorrect. [C:\USAFA\Spring 2026\ECE281\ece281-lab5\src\cpa_adder.vhd:]
WARNING: [filemgmt 56-199] Attempt to get parsing info during refresh. "On-the-fly" syntax checking information may be incorrect. [C:\USAFA\Spring 2026\ECE281\ece281-lab5\src\ALU.vhd:]
WARNING: [filemgmt 56-199] Attempt to get parsing info during refresh. "On-the-fly" syntax checking information may be incorrect. [C:\USAFA\Spring 2026\ECE281\ece281-lab5\src\register.vhd:]
WARNING: [filemgmt 56-199] Attempt to get parsing info during refresh. "On-the-fly" syntax checking information may be incorrect. [C:\USAFA\Spring 2026\ECE281\ece281-lab5\src\register.vhd:]
WARNING: [filemgmt 56-199] Attempt to get parsing info during refresh. "On-the-fly" syntax checking information may be incorrect. [C:\USAFA\Spring 2026\ECE281\ece281-lab5\src\register.vhd:]
close_sim
ERROR: [Common 17-180] Spawn failed: No error
ERROR: [Common 17-180] Spawn failed: No error
ERROR: [Common 17-180] Spawn failed: No error
ERROR: [Common 17-180] Spawn failed: No error
ERROR: [Common 17-180] Spawn failed: No error
INFO: [Simtcl 6-16] Simulation closed
ERROR: [Common 17-39] 'close_sim' failed due to earlier errors.
exit
INFO: [Common 17-206] Exiting Vivado at Fri May  8 00:14:51 2026...
