Copyright 1986-2022 Xilinx, Inc. All Rights Reserved. Copyright 2022-2024 Advanced Micro Devices, Inc. All Rights Reserved.
---------------------------------------------------------------------------------------------------------------------------------------------
| Tool Version : Vivado v.2024.2 (win64) Build 5239630 Fri Nov 08 22:35:27 MST 2024
| Date         : Fri May  8 03:04:48 2026
| Host         : C28-2TK41600RQ running 64-bit major release  (build 9200)
| Command      : report_control_sets -verbose -file top_basys3_control_sets_placed.rpt
| Design       : top_basys3
| Device       : xc7a35t
---------------------------------------------------------------------------------------------------------------------------------------------

Control Set Information

Table of Contents
-----------------
1. Summary
2. Histogram
3. Flip-Flop Distribution
4. Detailed Control Set Information

1. Summary
----------

+----------------------------------------------------------+-------+
|                          Status                          | Count |
+----------------------------------------------------------+-------+
| Total control sets                                       |     7 |
|    Minimum number of control sets                        |     7 |
|    Addition due to synthesis replication                 |     0 |
|    Addition due to physical synthesis replication        |     0 |
| Unused register locations in slices containing registers |    16 |
+----------------------------------------------------------+-------+
* Control sets can be merged at opt_design using control_set_merge or merge_equivalent_drivers
** Run report_qor_suggestions for automated merging and remapping suggestions


2. Histogram
------------

+--------------------+-------+
|       Fanout       | Count |
+--------------------+-------+
| Total control sets |     7 |
| >= 0 to < 4        |     1 |
| >= 4 to < 6        |     2 |
| >= 6 to < 8        |     0 |
| >= 8 to < 10       |     2 |
| >= 10 to < 12      |     0 |
| >= 12 to < 14      |     0 |
| >= 14 to < 16      |     0 |
| >= 16              |     2 |
+--------------------+-------+
* Control sets can be remapped at either synth_design or opt_design


3. Flip-Flop Distribution
-------------------------

+--------------+-----------------------+------------------------+-----------------+--------------+
| Clock Enable | Synchronous Set/Reset | Asynchronous Set/Reset | Total Registers | Total Slices |
+--------------+-----------------------+------------------------+-----------------+--------------+
| No           | No                    | No                     |               0 |            0 |
| No           | No                    | Yes                    |              39 |           11 |
| No           | Yes                   | No                     |               0 |            0 |
| Yes          | No                    | No                     |              16 |            8 |
| Yes          | No                    | Yes                    |               0 |            0 |
| Yes          | Yes                   | No                     |              25 |            6 |
+--------------+-----------------------+------------------------+-----------------+--------------+


4. Detailed Control Set Information
-----------------------------------

+---------------------------+---------------------------------------------------------+------------------+------------------+----------------+--------------+
|        Clock Signal       |                      Enable Signal                      | Set/Reset Signal | Slice Load Count | Bel Load Count | Bels / Slice |
+---------------------------+---------------------------------------------------------+------------------+------------------+----------------+--------------+
|  clock_divider_inst/CLK   |                                                         | btnU_IBUF        |                1 |              2 |         2.00 |
|  clk_IBUF_BUFG            | button_debounce_inst/FSM_sequential_state[3]_i_1_n_0    | btnU_IBUF        |                1 |              4 |         4.00 |
|  button_debounce_inst/CLK |                                                         | btnU_IBUF        |                3 |              5 |         1.67 |
|  clk_IBUF_BUFG            | controller_inst/E[0]                                    |                  |                3 |              8 |         2.67 |
|  clk_IBUF_BUFG            | controller_inst/led_OBUF[0]                             |                  |                5 |              8 |         1.60 |
|  clk_IBUF_BUFG            | button_debounce_inst/delay_counter/processQ[20]_i_1_n_0 | btnU_IBUF        |                5 |             21 |         4.20 |
|  clk_IBUF_BUFG            |                                                         | btnL_IBUF        |                7 |             32 |         4.57 |
+---------------------------+---------------------------------------------------------+------------------+------------------+----------------+--------------+


