
*** Running vivado
    with args -log top_basys3.vds -m64 -product Vivado -mode batch -messageDb vivado.pb -notrace -source top_basys3.tcl



****** Vivado v2024.2 (64-bit)
  **** SW Build 5239630 on Fri Nov 08 22:35:27 MST 2024
  **** IP Build 5239520 on Sun Nov 10 16:12:51 MST 2024
  **** SharedData Build 5239561 on Fri Nov 08 14:39:27 MST 2024
  **** Start of session at: Fri May  8 03:03:05 2026
    ** Copyright 1986-2022 Xilinx, Inc. All Rights Reserved.
    ** Copyright 2022-2024 Advanced Micro Devices, Inc. All Rights Reserved.

source top_basys3.tcl -notrace
Command: read_checkpoint -auto_incremental -incremental {C:/USAFA/Spring 2026/ECE281/ece281-lab5/basic_cpu.srcs/utils_1/imports/synth_1/top_basys3.dcp}
INFO: [Vivado 12-5825] Read reference checkpoint from C:/USAFA/Spring 2026/ECE281/ece281-lab5/basic_cpu.srcs/utils_1/imports/synth_1/top_basys3.dcp for incremental synthesis
INFO: [Vivado 12-7989] Please ensure there are no constraint changes
Command: synth_design -top top_basys3 -part xc7a35tcpg236-1
Starting synth_design
Attempting to get a license for feature 'Synthesis' and/or device 'xc7a35t'
INFO: [Common 17-349] Got license for feature 'Synthesis' and/or device 'xc7a35t'
INFO: [Device 21-403] Loading part xc7a35tcpg236-1
INFO: [Designutils 20-5440] No compile time benefit to using incremental synthesis; A full resynthesis will be run
INFO: [Designutils 20-4379] Flow is switching to default flow due to incremental criteria not met. If you would like to alter this behaviour and have the flow terminate instead, please set the following parameter config_implementation {autoIncr.Synth.RejectBehavior Terminate}
INFO: [Synth 8-7079] Multithreading enabled for synth_design using a maximum of 2 processes.
INFO: [Synth 8-7078] Launching helper process for spawning children vivado processes
INFO: [Synth 8-7075] Helper process launched with PID 32492
---------------------------------------------------------------------------------
Starting RTL Elaboration : Time (s): cpu = 00:00:05 ; elapsed = 00:00:06 . Memory (MB): peak = 952.797 ; gain = 468.492
---------------------------------------------------------------------------------
INFO: [Synth 8-638] synthesizing module 'top_basys3' [C:/USAFA/Spring 2026/ECE281/ece281-lab5/src/top_basys3.vhd:46]
	Parameter k_DIV bound to: 50000 - type: integer 
INFO: [Synth 8-3491] module 'clock_divider' declared at 'C:/USAFA/Spring 2026/ECE281/ece281-lab5/src/clock_divider.vhd:53' bound to instance 'clock_divider_inst' of component 'clock_divider' [C:/USAFA/Spring 2026/ECE281/ece281-lab5/src/top_basys3.vhd:137]
INFO: [Synth 8-638] synthesizing module 'clock_divider' [C:/USAFA/Spring 2026/ECE281/ece281-lab5/src/clock_divider.vhd:63]
	Parameter k_DIV bound to: 50000 - type: integer 
INFO: [Synth 8-256] done synthesizing module 'clock_divider' (0#1) [C:/USAFA/Spring 2026/ECE281/ece281-lab5/src/clock_divider.vhd:63]
INFO: [Synth 8-3491] module 'button_debounce' declared at 'C:/USAFA/Spring 2026/ECE281/ece281-lab5/src/button_debounce.vhd:22' bound to instance 'button_debounce_inst' of component 'button_debounce' [C:/USAFA/Spring 2026/ECE281/ece281-lab5/src/top_basys3.vhd:145]
INFO: [Synth 8-638] synthesizing module 'button_debounce' [C:/USAFA/Spring 2026/ECE281/ece281-lab5/src/button_debounce.vhd:29]
	Parameter N bound to: 21 - type: integer 
INFO: [Synth 8-3491] module 'counter' declared at 'C:/USAFA/Spring 2026/ECE281/ece281-lab5/src/counter.vhd:24' bound to instance 'delay_counter' of component 'counter' [C:/USAFA/Spring 2026/ECE281/ece281-lab5/src/button_debounce.vhd:55]
INFO: [Synth 8-638] synthesizing module 'counter' [C:/USAFA/Spring 2026/ECE281/ece281-lab5/src/counter.vhd:33]
	Parameter N bound to: 21 - type: integer 
INFO: [Synth 8-256] done synthesizing module 'counter' (0#1) [C:/USAFA/Spring 2026/ECE281/ece281-lab5/src/counter.vhd:33]
INFO: [Synth 8-256] done synthesizing module 'button_debounce' (0#1) [C:/USAFA/Spring 2026/ECE281/ece281-lab5/src/button_debounce.vhd:29]
INFO: [Synth 8-3491] module 'controller_fsm' declared at 'C:/USAFA/Spring 2026/ECE281/ece281-lab5/src/controller_fsm.vhd:34' bound to instance 'controller_inst' of component 'controller_fsm' [C:/USAFA/Spring 2026/ECE281/ece281-lab5/src/top_basys3.vhd:152]
INFO: [Synth 8-638] synthesizing module 'controller_fsm' [C:/USAFA/Spring 2026/ECE281/ece281-lab5/src/controller_fsm.vhd:40]
INFO: [Synth 8-256] done synthesizing module 'controller_fsm' (0#1) [C:/USAFA/Spring 2026/ECE281/ece281-lab5/src/controller_fsm.vhd:40]
INFO: [Synth 8-3491] module 'reg' declared at 'C:/USAFA/Spring 2026/ECE281/ece281-lab5/basic_cpu.srcs/sources_1/new/reg.vhd:34' bound to instance 'reg_A' of component 'reg' [C:/USAFA/Spring 2026/ECE281/ece281-lab5/src/top_basys3.vhd:158]
INFO: [Synth 8-638] synthesizing module '\reg ' [C:/USAFA/Spring 2026/ECE281/ece281-lab5/basic_cpu.srcs/sources_1/new/reg.vhd:41]
INFO: [Synth 8-256] done synthesizing module '\reg ' (0#1) [C:/USAFA/Spring 2026/ECE281/ece281-lab5/basic_cpu.srcs/sources_1/new/reg.vhd:41]
INFO: [Synth 8-3491] module 'reg' declared at 'C:/USAFA/Spring 2026/ECE281/ece281-lab5/basic_cpu.srcs/sources_1/new/reg.vhd:34' bound to instance 'reg_B' of component 'reg' [C:/USAFA/Spring 2026/ECE281/ece281-lab5/src/top_basys3.vhd:165]
INFO: [Synth 8-3491] module 'ALU' declared at 'C:/USAFA/Spring 2026/ECE281/ece281-lab5/src/ALU.vhd:35' bound to instance 'ALU_inst' of component 'ALU' [C:/USAFA/Spring 2026/ECE281/ece281-lab5/src/top_basys3.vhd:172]
INFO: [Synth 8-638] synthesizing module 'ALU' [C:/USAFA/Spring 2026/ECE281/ece281-lab5/src/ALU.vhd:43]
INFO: [Synth 8-3491] module 'cpa_adder' declared at 'C:/USAFA/Spring 2026/ECE281/ece281-lab5/src/cpa_adder.vhd:35' bound to instance 'cpa_adder_inst' of component 'cpa_adder' [C:/USAFA/Spring 2026/ECE281/ece281-lab5/src/ALU.vhd:74]
INFO: [Synth 8-638] synthesizing module 'cpa_adder' [C:/USAFA/Spring 2026/ECE281/ece281-lab5/src/cpa_adder.vhd:43]
INFO: [Synth 8-256] done synthesizing module 'cpa_adder' (0#1) [C:/USAFA/Spring 2026/ECE281/ece281-lab5/src/cpa_adder.vhd:43]
INFO: [Synth 8-256] done synthesizing module 'ALU' (0#1) [C:/USAFA/Spring 2026/ECE281/ece281-lab5/src/ALU.vhd:43]
INFO: [Synth 8-3491] module 'twos_comp' declared at 'C:/USAFA/Spring 2026/ECE281/ece281-lab5/src/twoscomp_decimal.vhd:11' bound to instance 'twos_comp_inst' of component 'twos_comp' [C:/USAFA/Spring 2026/ECE281/ece281-lab5/src/top_basys3.vhd:180]
INFO: [Synth 8-638] synthesizing module 'twos_comp' [C:/USAFA/Spring 2026/ECE281/ece281-lab5/src/twoscomp_decimal.vhd:21]
INFO: [Synth 8-256] done synthesizing module 'twos_comp' (0#1) [C:/USAFA/Spring 2026/ECE281/ece281-lab5/src/twoscomp_decimal.vhd:21]
	Parameter k_WIDTH bound to: 4 - type: integer 
INFO: [Synth 8-3491] module 'TDM4' declared at 'C:/USAFA/Spring 2026/ECE281/ece281-lab5/src/TDM4.vhd:56' bound to instance 'TDM4_inst' of component 'TDM4' [C:/USAFA/Spring 2026/ECE281/ece281-lab5/src/top_basys3.vhd:188]
INFO: [Synth 8-638] synthesizing module 'TDM4' [C:/USAFA/Spring 2026/ECE281/ece281-lab5/src/TDM4.vhd:69]
	Parameter k_WIDTH bound to: 4 - type: integer 
INFO: [Synth 8-256] done synthesizing module 'TDM4' (0#1) [C:/USAFA/Spring 2026/ECE281/ece281-lab5/src/TDM4.vhd:69]
INFO: [Synth 8-3491] module 'sevenseg_decoder' declared at 'C:/USAFA/Spring 2026/ECE281/ece281-lab2/src/sevenseg_decoder.vhd:34' bound to instance 'sevenseg_decoder_uut' of component 'sevenseg_decoder' [C:/USAFA/Spring 2026/ECE281/ece281-lab5/src/top_basys3.vhd:201]
INFO: [Synth 8-638] synthesizing module 'sevenseg_decoder' [C:/USAFA/Spring 2026/ECE281/ece281-lab2/src/sevenseg_decoder.vhd:39]
INFO: [Synth 8-226] default block is never used [C:/USAFA/Spring 2026/ECE281/ece281-lab2/src/sevenseg_decoder.vhd:42]
INFO: [Synth 8-256] done synthesizing module 'sevenseg_decoder' (0#1) [C:/USAFA/Spring 2026/ECE281/ece281-lab2/src/sevenseg_decoder.vhd:39]
INFO: [Synth 8-256] done synthesizing module 'top_basys3' (0#1) [C:/USAFA/Spring 2026/ECE281/ece281-lab5/src/top_basys3.vhd:46]
WARNING: [Synth 8-3917] design top_basys3 has port led[11] driven by constant 0
WARNING: [Synth 8-3917] design top_basys3 has port led[10] driven by constant 0
WARNING: [Synth 8-3917] design top_basys3 has port led[9] driven by constant 0
WARNING: [Synth 8-3917] design top_basys3 has port led[8] driven by constant 0
WARNING: [Synth 8-3917] design top_basys3 has port led[7] driven by constant 0
WARNING: [Synth 8-3917] design top_basys3 has port led[6] driven by constant 0
WARNING: [Synth 8-3917] design top_basys3 has port led[5] driven by constant 0
WARNING: [Synth 8-3917] design top_basys3 has port led[4] driven by constant 0
---------------------------------------------------------------------------------
Finished RTL Elaboration : Time (s): cpu = 00:00:06 ; elapsed = 00:00:08 . Memory (MB): peak = 1060.215 ; gain = 575.910
---------------------------------------------------------------------------------
---------------------------------------------------------------------------------
Start Handling Custom Attributes
---------------------------------------------------------------------------------
---------------------------------------------------------------------------------
Finished Handling Custom Attributes : Time (s): cpu = 00:00:06 ; elapsed = 00:00:08 . Memory (MB): peak = 1060.215 ; gain = 575.910
---------------------------------------------------------------------------------
---------------------------------------------------------------------------------
Finished RTL Optimization Phase 1 : Time (s): cpu = 00:00:06 ; elapsed = 00:00:08 . Memory (MB): peak = 1060.215 ; gain = 575.910
---------------------------------------------------------------------------------
Netlist sorting complete. Time (s): cpu = 00:00:00 ; elapsed = 00:00:00.004 . Memory (MB): peak = 1060.215 ; gain = 0.000
INFO: [Project 1-570] Preparing netlist for logic optimization

Processing XDC Constraints
Initializing timing engine
Parsing XDC File [C:/USAFA/Spring 2026/ECE281/ece281-lab5/src/Basys3_Master.xdc]
WARNING: [Vivado 12-584] No ports matched 'sw[8]'. [C:/USAFA/Spring 2026/ECE281/ece281-lab5/src/Basys3_Master.xdc:28]
CRITICAL WARNING: [Common 17-55] 'set_property' expects at least one object. [C:/USAFA/Spring 2026/ECE281/ece281-lab5/src/Basys3_Master.xdc:28]
Resolution: If [get_<value>] was used to populate the object, check to make sure this command returns at least one valid object.
WARNING: [Vivado 12-584] No ports matched 'sw[8]'. [C:/USAFA/Spring 2026/ECE281/ece281-lab5/src/Basys3_Master.xdc:29]
CRITICAL WARNING: [Common 17-55] 'set_property' expects at least one object. [C:/USAFA/Spring 2026/ECE281/ece281-lab5/src/Basys3_Master.xdc:29]
Resolution: If [get_<value>] was used to populate the object, check to make sure this command returns at least one valid object.
WARNING: [Vivado 12-584] No ports matched 'sw[9]'. [C:/USAFA/Spring 2026/ECE281/ece281-lab5/src/Basys3_Master.xdc:30]
CRITICAL WARNING: [Common 17-55] 'set_property' expects at least one object. [C:/USAFA/Spring 2026/ECE281/ece281-lab5/src/Basys3_Master.xdc:30]
Resolution: If [get_<value>] was used to populate the object, check to make sure this command returns at least one valid object.
WARNING: [Vivado 12-584] No ports matched 'sw[9]'. [C:/USAFA/Spring 2026/ECE281/ece281-lab5/src/Basys3_Master.xdc:31]
CRITICAL WARNING: [Common 17-55] 'set_property' expects at least one object. [C:/USAFA/Spring 2026/ECE281/ece281-lab5/src/Basys3_Master.xdc:31]
Resolution: If [get_<value>] was used to populate the object, check to make sure this command returns at least one valid object.
WARNING: [Vivado 12-584] No ports matched 'sw[10]'. [C:/USAFA/Spring 2026/ECE281/ece281-lab5/src/Basys3_Master.xdc:32]
CRITICAL WARNING: [Common 17-55] 'set_property' expects at least one object. [C:/USAFA/Spring 2026/ECE281/ece281-lab5/src/Basys3_Master.xdc:32]
Resolution: If [get_<value>] was used to populate the object, check to make sure this command returns at least one valid object.
WARNING: [Vivado 12-584] No ports matched 'sw[10]'. [C:/USAFA/Spring 2026/ECE281/ece281-lab5/src/Basys3_Master.xdc:33]
CRITICAL WARNING: [Common 17-55] 'set_property' expects at least one object. [C:/USAFA/Spring 2026/ECE281/ece281-lab5/src/Basys3_Master.xdc:33]
Resolution: If [get_<value>] was used to populate the object, check to make sure this command returns at least one valid object.
WARNING: [Vivado 12-584] No ports matched 'sw[11]'. [C:/USAFA/Spring 2026/ECE281/ece281-lab5/src/Basys3_Master.xdc:34]
CRITICAL WARNING: [Common 17-55] 'set_property' expects at least one object. [C:/USAFA/Spring 2026/ECE281/ece281-lab5/src/Basys3_Master.xdc:34]
Resolution: If [get_<value>] was used to populate the object, check to make sure this command returns at least one valid object.
WARNING: [Vivado 12-584] No ports matched 'sw[11]'. [C:/USAFA/Spring 2026/ECE281/ece281-lab5/src/Basys3_Master.xdc:35]
CRITICAL WARNING: [Common 17-55] 'set_property' expects at least one object. [C:/USAFA/Spring 2026/ECE281/ece281-lab5/src/Basys3_Master.xdc:35]
Resolution: If [get_<value>] was used to populate the object, check to make sure this command returns at least one valid object.
WARNING: [Vivado 12-584] No ports matched 'sw[12]'. [C:/USAFA/Spring 2026/ECE281/ece281-lab5/src/Basys3_Master.xdc:36]
CRITICAL WARNING: [Common 17-55] 'set_property' expects at least one object. [C:/USAFA/Spring 2026/ECE281/ece281-lab5/src/Basys3_Master.xdc:36]
Resolution: If [get_<value>] was used to populate the object, check to make sure this command returns at least one valid object.
WARNING: [Vivado 12-584] No ports matched 'sw[12]'. [C:/USAFA/Spring 2026/ECE281/ece281-lab5/src/Basys3_Master.xdc:37]
CRITICAL WARNING: [Common 17-55] 'set_property' expects at least one object. [C:/USAFA/Spring 2026/ECE281/ece281-lab5/src/Basys3_Master.xdc:37]
Resolution: If [get_<value>] was used to populate the object, check to make sure this command returns at least one valid object.
WARNING: [Vivado 12-584] No ports matched 'sw[13]'. [C:/USAFA/Spring 2026/ECE281/ece281-lab5/src/Basys3_Master.xdc:38]
CRITICAL WARNING: [Common 17-55] 'set_property' expects at least one object. [C:/USAFA/Spring 2026/ECE281/ece281-lab5/src/Basys3_Master.xdc:38]
Resolution: If [get_<value>] was used to populate the object, check to make sure this command returns at least one valid object.
WARNING: [Vivado 12-584] No ports matched 'sw[13]'. [C:/USAFA/Spring 2026/ECE281/ece281-lab5/src/Basys3_Master.xdc:39]
CRITICAL WARNING: [Common 17-55] 'set_property' expects at least one object. [C:/USAFA/Spring 2026/ECE281/ece281-lab5/src/Basys3_Master.xdc:39]
Resolution: If [get_<value>] was used to populate the object, check to make sure this command returns at least one valid object.
WARNING: [Vivado 12-584] No ports matched 'sw[14]'. [C:/USAFA/Spring 2026/ECE281/ece281-lab5/src/Basys3_Master.xdc:40]
CRITICAL WARNING: [Common 17-55] 'set_property' expects at least one object. [C:/USAFA/Spring 2026/ECE281/ece281-lab5/src/Basys3_Master.xdc:40]
Resolution: If [get_<value>] was used to populate the object, check to make sure this command returns at least one valid object.
WARNING: [Vivado 12-584] No ports matched 'sw[14]'. [C:/USAFA/Spring 2026/ECE281/ece281-lab5/src/Basys3_Master.xdc:41]
CRITICAL WARNING: [Common 17-55] 'set_property' expects at least one object. [C:/USAFA/Spring 2026/ECE281/ece281-lab5/src/Basys3_Master.xdc:41]
Resolution: If [get_<value>] was used to populate the object, check to make sure this command returns at least one valid object.
WARNING: [Vivado 12-584] No ports matched 'sw[15]'. [C:/USAFA/Spring 2026/ECE281/ece281-lab5/src/Basys3_Master.xdc:42]
CRITICAL WARNING: [Common 17-55] 'set_property' expects at least one object. [C:/USAFA/Spring 2026/ECE281/ece281-lab5/src/Basys3_Master.xdc:42]
Resolution: If [get_<value>] was used to populate the object, check to make sure this command returns at least one valid object.
WARNING: [Vivado 12-584] No ports matched 'sw[15]'. [C:/USAFA/Spring 2026/ECE281/ece281-lab5/src/Basys3_Master.xdc:43]
CRITICAL WARNING: [Common 17-55] 'set_property' expects at least one object. [C:/USAFA/Spring 2026/ECE281/ece281-lab5/src/Basys3_Master.xdc:43]
Resolution: If [get_<value>] was used to populate the object, check to make sure this command returns at least one valid object.
WARNING: [Vivado 12-584] No ports matched 'dp'. [C:/USAFA/Spring 2026/ECE281/ece281-lab5/src/Basys3_Master.xdc:97]
CRITICAL WARNING: [Common 17-55] 'set_property' expects at least one object. [C:/USAFA/Spring 2026/ECE281/ece281-lab5/src/Basys3_Master.xdc:97]
Resolution: If [get_<value>] was used to populate the object, check to make sure this command returns at least one valid object.
WARNING: [Vivado 12-584] No ports matched 'dp'. [C:/USAFA/Spring 2026/ECE281/ece281-lab5/src/Basys3_Master.xdc:98]
CRITICAL WARNING: [Common 17-55] 'set_property' expects at least one object. [C:/USAFA/Spring 2026/ECE281/ece281-lab5/src/Basys3_Master.xdc:98]
Resolution: If [get_<value>] was used to populate the object, check to make sure this command returns at least one valid object.
WARNING: [Vivado 12-584] No ports matched 'btnR'. [C:/USAFA/Spring 2026/ECE281/ece281-lab5/src/Basys3_Master.xdc:117]
CRITICAL WARNING: [Common 17-55] 'set_property' expects at least one object. [C:/USAFA/Spring 2026/ECE281/ece281-lab5/src/Basys3_Master.xdc:117]
Resolution: If [get_<value>] was used to populate the object, check to make sure this command returns at least one valid object.
WARNING: [Vivado 12-584] No ports matched 'btnR'. [C:/USAFA/Spring 2026/ECE281/ece281-lab5/src/Basys3_Master.xdc:118]
CRITICAL WARNING: [Common 17-55] 'set_property' expects at least one object. [C:/USAFA/Spring 2026/ECE281/ece281-lab5/src/Basys3_Master.xdc:118]
Resolution: If [get_<value>] was used to populate the object, check to make sure this command returns at least one valid object.
WARNING: [Vivado 12-584] No ports matched 'btnD'. [C:/USAFA/Spring 2026/ECE281/ece281-lab5/src/Basys3_Master.xdc:119]
CRITICAL WARNING: [Common 17-55] 'set_property' expects at least one object. [C:/USAFA/Spring 2026/ECE281/ece281-lab5/src/Basys3_Master.xdc:119]
Resolution: If [get_<value>] was used to populate the object, check to make sure this command returns at least one valid object.
WARNING: [Vivado 12-584] No ports matched 'btnD'. [C:/USAFA/Spring 2026/ECE281/ece281-lab5/src/Basys3_Master.xdc:120]
CRITICAL WARNING: [Common 17-55] 'set_property' expects at least one object. [C:/USAFA/Spring 2026/ECE281/ece281-lab5/src/Basys3_Master.xdc:120]
Resolution: If [get_<value>] was used to populate the object, check to make sure this command returns at least one valid object.
Finished Parsing XDC File [C:/USAFA/Spring 2026/ECE281/ece281-lab5/src/Basys3_Master.xdc]
INFO: [Project 1-236] Implementation specific constraints were found while reading constraint file [C:/USAFA/Spring 2026/ECE281/ece281-lab5/src/Basys3_Master.xdc]. These constraints will be ignored for synthesis but will be used in implementation. Impacted constraints are listed in the file [.Xil/top_basys3_propImpl.xdc].
Resolution: To avoid this warning, move constraints listed in [.Xil/top_basys3_propImpl.xdc] to another XDC file and exclude this new file from synthesis with the used_in_synthesis property (File Properties dialog in GUI) and re-run elaboration/synthesis.
Completed Processing XDC Constraints

Netlist sorting complete. Time (s): cpu = 00:00:00 ; elapsed = 00:00:00 . Memory (MB): peak = 1151.500 ; gain = 0.000
INFO: [Project 1-111] Unisim Transformation Summary:
No Unisim elements were transformed.

Constraint Validation Runtime : Time (s): cpu = 00:00:00 ; elapsed = 00:00:00.003 . Memory (MB): peak = 1151.500 ; gain = 0.000
INFO: [Designutils 20-5440] No compile time benefit to using incremental synthesis; A full resynthesis will be run
INFO: [Designutils 20-4379] Flow is switching to default flow due to incremental criteria not met. If you would like to alter this behaviour and have the flow terminate instead, please set the following parameter config_implementation {autoIncr.Synth.RejectBehavior Terminate}
---------------------------------------------------------------------------------
Finished Constraint Validation : Time (s): cpu = 00:00:13 ; elapsed = 00:00:15 . Memory (MB): peak = 1151.500 ; gain = 667.195
---------------------------------------------------------------------------------
---------------------------------------------------------------------------------
Start Loading Part and Timing Information
---------------------------------------------------------------------------------
Loading part: xc7a35tcpg236-1
---------------------------------------------------------------------------------
Finished Loading Part and Timing Information : Time (s): cpu = 00:00:13 ; elapsed = 00:00:15 . Memory (MB): peak = 1151.500 ; gain = 667.195
---------------------------------------------------------------------------------
---------------------------------------------------------------------------------
Start Applying 'set_property' XDC Constraints
---------------------------------------------------------------------------------
---------------------------------------------------------------------------------
Finished applying 'set_property' XDC Constraints : Time (s): cpu = 00:00:13 ; elapsed = 00:00:16 . Memory (MB): peak = 1151.500 ; gain = 667.195
---------------------------------------------------------------------------------
INFO: [Synth 8-802] inferred FSM for state register 'state_reg' in module 'button_debounce'
INFO: [Synth 8-802] inferred FSM for state register 'f_Q_reg' in module 'controller_fsm'
---------------------------------------------------------------------------------------------------
                   State |                     New Encoding |                Previous Encoding 
---------------------------------------------------------------------------------------------------
                 action0 |                             0000 |                             0000
                   comp1 |                             0001 |                             0001
                   init2 |                             0010 |                             0010
                   comp2 |                             0011 |                             0011
                    inc2 |                             0100 |                             0100
                   comp3 |                             0101 |                             0101
                   init4 |                             0110 |                             0110
                   comp4 |                             0111 |                             0111
                    inc4 |                             1000 |                             1000
                 action1 |                             1001 |                             1001
---------------------------------------------------------------------------------------------------
INFO: [Synth 8-3354] encoded FSM with state register 'state_reg' using encoding 'sequential' in module 'button_debounce'
---------------------------------------------------------------------------------------------------
                   State |                     New Encoding |                Previous Encoding 
---------------------------------------------------------------------------------------------------
                 iSTATE0 |                             0001 |                               00
                 iSTATE1 |                             0010 |                               01
                 iSTATE2 |                             0100 |                               10
                  iSTATE |                             1000 |                               11
*
---------------------------------------------------------------------------------------------------
INFO: [Synth 8-3354] encoded FSM with state register 'f_Q_reg' using encoding 'one-hot' in module 'controller_fsm'
---------------------------------------------------------------------------------
Finished RTL Optimization Phase 2 : Time (s): cpu = 00:00:13 ; elapsed = 00:00:16 . Memory (MB): peak = 1151.500 ; gain = 667.195
---------------------------------------------------------------------------------
---------------------------------------------------------------------------------
Start RTL Component Statistics 
---------------------------------------------------------------------------------
Detailed RTL Component Info : 
+---Adders : 
	   2 Input   32 Bit       Adders := 1     
	   2 Input   31 Bit       Adders := 2     
	   2 Input   21 Bit       Adders := 1     
	   3 Input    9 Bit       Adders := 1     
	   2 Input    8 Bit       Adders := 1     
	   2 Input    4 Bit       Adders := 1     
	   2 Input    2 Bit       Adders := 1     
+---Registers : 
	               31 Bit    Registers := 1     
	               21 Bit    Registers := 1     
	                8 Bit    Registers := 2     
	                2 Bit    Registers := 1     
	                1 Bit    Registers := 1     
+---Muxes : 
	   2 Input   32 Bit        Muxes := 1     
	   2 Input   31 Bit        Muxes := 1     
	   3 Input   21 Bit        Muxes := 1     
	   2 Input    8 Bit        Muxes := 5     
	   2 Input    7 Bit        Muxes := 3     
	  10 Input    4 Bit        Muxes := 1     
	   2 Input    4 Bit        Muxes := 3     
	   4 Input    4 Bit        Muxes := 4     
	   8 Input    2 Bit        Muxes := 1     
	   4 Input    1 Bit        Muxes := 1     
	  10 Input    1 Bit        Muxes := 1     
	   2 Input    1 Bit        Muxes := 5     
	   3 Input    1 Bit        Muxes := 1     
---------------------------------------------------------------------------------
Finished RTL Component Statistics 
---------------------------------------------------------------------------------
---------------------------------------------------------------------------------
Start Part Resource Summary
---------------------------------------------------------------------------------
Part Resources:
DSPs: 90 (col length:60)
BRAMs: 100 (col length: RAMB18 60 RAMB36 30)
---------------------------------------------------------------------------------
Finished Part Resource Summary
---------------------------------------------------------------------------------
---------------------------------------------------------------------------------
Start Cross Boundary and Area Optimization
---------------------------------------------------------------------------------
WARNING: [Synth 8-7080] Parallel synthesis criteria is not met
WARNING: [Synth 8-3917] design top_basys3 has port led[11] driven by constant 0
WARNING: [Synth 8-3917] design top_basys3 has port led[10] driven by constant 0
WARNING: [Synth 8-3917] design top_basys3 has port led[9] driven by constant 0
WARNING: [Synth 8-3917] design top_basys3 has port led[8] driven by constant 0
WARNING: [Synth 8-3917] design top_basys3 has port led[7] driven by constant 0
WARNING: [Synth 8-3917] design top_basys3 has port led[6] driven by constant 0
WARNING: [Synth 8-3917] design top_basys3 has port led[5] driven by constant 0
WARNING: [Synth 8-3917] design top_basys3 has port led[4] driven by constant 0
---------------------------------------------------------------------------------
Finished Cross Boundary and Area Optimization : Time (s): cpu = 00:00:19 ; elapsed = 00:00:22 . Memory (MB): peak = 1186.453 ; gain = 702.148
---------------------------------------------------------------------------------
---------------------------------------------------------------------------------
Start Applying XDC Timing Constraints
---------------------------------------------------------------------------------
---------------------------------------------------------------------------------
Finished Applying XDC Timing Constraints : Time (s): cpu = 00:00:24 ; elapsed = 00:00:27 . Memory (MB): peak = 1257.445 ; gain = 773.141
---------------------------------------------------------------------------------
---------------------------------------------------------------------------------
Start Timing Optimization
---------------------------------------------------------------------------------
---------------------------------------------------------------------------------
Finished Timing Optimization : Time (s): cpu = 00:00:24 ; elapsed = 00:00:27 . Memory (MB): peak = 1279.738 ; gain = 795.434
---------------------------------------------------------------------------------
---------------------------------------------------------------------------------
Start Technology Mapping
---------------------------------------------------------------------------------
---------------------------------------------------------------------------------
Finished Technology Mapping : Time (s): cpu = 00:00:24 ; elapsed = 00:00:27 . Memory (MB): peak = 1279.738 ; gain = 795.434
---------------------------------------------------------------------------------
---------------------------------------------------------------------------------
Start IO Insertion
---------------------------------------------------------------------------------
---------------------------------------------------------------------------------
Start Flattening Before IO Insertion
---------------------------------------------------------------------------------
---------------------------------------------------------------------------------
Finished Flattening Before IO Insertion
---------------------------------------------------------------------------------
---------------------------------------------------------------------------------
Start Final Netlist Cleanup
---------------------------------------------------------------------------------
---------------------------------------------------------------------------------
Finished Final Netlist Cleanup
---------------------------------------------------------------------------------
---------------------------------------------------------------------------------
Finished IO Insertion : Time (s): cpu = 00:00:28 ; elapsed = 00:00:31 . Memory (MB): peak = 1484.469 ; gain = 1000.164
---------------------------------------------------------------------------------
---------------------------------------------------------------------------------
Start Renaming Generated Instances
---------------------------------------------------------------------------------
---------------------------------------------------------------------------------
Finished Renaming Generated Instances : Time (s): cpu = 00:00:28 ; elapsed = 00:00:31 . Memory (MB): peak = 1484.469 ; gain = 1000.164
---------------------------------------------------------------------------------
---------------------------------------------------------------------------------
Start Rebuilding User Hierarchy
---------------------------------------------------------------------------------
---------------------------------------------------------------------------------
Finished Rebuilding User Hierarchy : Time (s): cpu = 00:00:28 ; elapsed = 00:00:31 . Memory (MB): peak = 1484.469 ; gain = 1000.164
---------------------------------------------------------------------------------
---------------------------------------------------------------------------------
Start Renaming Generated Ports
---------------------------------------------------------------------------------
---------------------------------------------------------------------------------
Finished Renaming Generated Ports : Time (s): cpu = 00:00:28 ; elapsed = 00:00:31 . Memory (MB): peak = 1484.469 ; gain = 1000.164
---------------------------------------------------------------------------------
---------------------------------------------------------------------------------
Start Handling Custom Attributes
---------------------------------------------------------------------------------
---------------------------------------------------------------------------------
Finished Handling Custom Attributes : Time (s): cpu = 00:00:28 ; elapsed = 00:00:31 . Memory (MB): peak = 1484.469 ; gain = 1000.164
---------------------------------------------------------------------------------
---------------------------------------------------------------------------------
Start Renaming Generated Nets
---------------------------------------------------------------------------------
---------------------------------------------------------------------------------
Finished Renaming Generated Nets : Time (s): cpu = 00:00:28 ; elapsed = 00:00:31 . Memory (MB): peak = 1484.469 ; gain = 1000.164
---------------------------------------------------------------------------------
---------------------------------------------------------------------------------
Start Writing Synthesis Report
---------------------------------------------------------------------------------

Report BlackBoxes: 
+-+--------------+----------+
| |BlackBox name |Instances |
+-+--------------+----------+
+-+--------------+----------+

Report Cell Usage: 
+------+-------+------+
|      |Cell   |Count |
+------+-------+------+
|1     |BUFG   |     1|
|2     |CARRY4 |    81|
|3     |LUT1   |    39|
|4     |LUT2   |   113|
|5     |LUT3   |   109|
|6     |LUT4   |   129|
|7     |LUT5   |    69|
|8     |LUT6   |    77|
|9     |FDCE   |    37|
|10    |FDPE   |     1|
|11    |FDRE   |    41|
|12    |IBUF   |    12|
|13    |OBUF   |    27|
+------+-------+------+
---------------------------------------------------------------------------------
Finished Writing Synthesis Report : Time (s): cpu = 00:00:28 ; elapsed = 00:00:31 . Memory (MB): peak = 1484.469 ; gain = 1000.164
---------------------------------------------------------------------------------
Synthesis finished with 0 errors, 0 critical warnings and 9 warnings.
Synthesis Optimization Runtime : Time (s): cpu = 00:00:20 ; elapsed = 00:00:30 . Memory (MB): peak = 1484.469 ; gain = 908.879
Synthesis Optimization Complete : Time (s): cpu = 00:00:28 ; elapsed = 00:00:32 . Memory (MB): peak = 1484.469 ; gain = 1000.164
INFO: [Project 1-571] Translating synthesized netlist
Netlist sorting complete. Time (s): cpu = 00:00:00 ; elapsed = 00:00:00.007 . Memory (MB): peak = 1493.629 ; gain = 0.000
INFO: [Netlist 29-17] Analyzing 81 Unisim elements for replacement
INFO: [Netlist 29-28] Unisim Transformation completed in 0 CPU seconds
INFO: [Project 1-570] Preparing netlist for logic optimization
INFO: [Opt 31-138] Pushed 0 inverter(s) to 0 load pin(s).
Netlist sorting complete. Time (s): cpu = 00:00:00 ; elapsed = 00:00:00 . Memory (MB): peak = 1497.332 ; gain = 0.000
INFO: [Project 1-111] Unisim Transformation Summary:
No Unisim elements were transformed.

Synth Design complete | Checksum: 678f24af
INFO: [Common 17-83] Releasing license: Synthesis
59 Infos, 39 Warnings, 22 Critical Warnings and 0 Errors encountered.
synth_design completed successfully
synth_design: Time (s): cpu = 00:00:30 ; elapsed = 00:00:54 . Memory (MB): peak = 1497.332 ; gain = 1203.883
INFO: [runtcl-6] Synthesis results are not added to the cache due to CRITICAL_WARNING
Write ShapeDB Complete: Time (s): cpu = 00:00:00 ; elapsed = 00:00:00.003 . Memory (MB): peak = 1497.332 ; gain = 0.000
INFO: [Common 17-1381] The checkpoint 'C:/USAFA/Spring 2026/ECE281/ece281-lab5/basic_cpu.runs/synth_1/top_basys3.dcp' has been generated.
INFO: [Vivado 12-24828] Executing command : report_utilization -file top_basys3_utilization_synth.rpt -pb top_basys3_utilization_synth.pb
INFO: [Common 17-206] Exiting Vivado at Fri May  8 03:04:12 2026...
